{"/Users/felixfernando/Developer/Projects/omdb/src/components/custom/index.ts": {"path":"/Users/felixfernando/Developer/Projects/omdb/src/components/custom/index.ts","all":false,"statementMap":{"0":{"start":{"line":1,"column":0},"end":{"line":1,"column":67}}},"s":{"0":1},"branchMap":{},"b":{},"fnMap":{},"f":{}}
,"/Users/felixfernando/Developer/Projects/omdb/src/components/custom/AutoCompleteInput/index.tsx": {"path":"/Users/felixfernando/Developer/Projects/omdb/src/components/custom/AutoCompleteInput/index.tsx","all":false,"statementMap":{"0":{"start":{"line":1,"column":0},"end":{"line":1,"column":46}},"1":{"start":{"line":2,"column":0},"end":{"line":2,"column":33}},"2":{"start":{"line":3,"column":0},"end":{"line":3,"column":38}},"3":{"start":{"line":4,"column":0},"end":{"line":4,"column":70}},"11":{"start":{"line":12,"column":0},"end":{"line":12,"column":28}},"12":{"start":{"line":13,"column":0},"end":{"line":13,"column":8}},"13":{"start":{"line":14,"column":0},"end":{"line":14,"column":11}},"14":{"start":{"line":15,"column":0},"end":{"line":15,"column":10}},"15":{"start":{"line":16,"column":0},"end":{"line":16,"column":32}},"16":{"start":{"line":17,"column":0},"end":{"line":17,"column":9}},"17":{"start":{"line":18,"column":0},"end":{"line":18,"column":18}},"18":{"start":{"line":19,"column":0},"end":{"line":19,"column":18}},"19":{"start":{"line":20,"column":0},"end":{"line":20,"column":17}},"20":{"start":{"line":21,"column":0},"end":{"line":21,"column":20}},"21":{"start":{"line":22,"column":0},"end":{"line":22,"column":23}},"22":{"start":{"line":23,"column":0},"end":{"line":23,"column":18}},"23":{"start":{"line":24,"column":0},"end":{"line":24,"column":15}},"24":{"start":{"line":25,"column":0},"end":{"line":25,"column":14}},"25":{"start":{"line":26,"column":0},"end":{"line":26,"column":32}},"26":{"start":{"line":27,"column":0},"end":{"line":27,"column":12}},"27":{"start":{"line":28,"column":0},"end":{"line":28,"column":13}},"28":{"start":{"line":29,"column":0},"end":{"line":29,"column":5}},"30":{"start":{"line":31,"column":0},"end":{"line":31,"column":10}},"31":{"start":{"line":32,"column":0},"end":{"line":32,"column":37}},"32":{"start":{"line":33,"column":0},"end":{"line":33,"column":109}},"33":{"start":{"line":34,"column":0},"end":{"line":34,"column":12}},"34":{"start":{"line":35,"column":0},"end":{"line":35,"column":23}},"35":{"start":{"line":36,"column":0},"end":{"line":36,"column":21}},"36":{"start":{"line":37,"column":0},"end":{"line":37,"column":50}},"37":{"start":{"line":38,"column":0},"end":{"line":38,"column":35}},"38":{"start":{"line":39,"column":0},"end":{"line":39,"column":49}},"39":{"start":{"line":40,"column":0},"end":{"line":40,"column":31}},"40":{"start":{"line":41,"column":0},"end":{"line":41,"column":29}},"41":{"start":{"line":42,"column":0},"end":{"line":42,"column":35}},"42":{"start":{"line":43,"column":0},"end":{"line":43,"column":40}},"43":{"start":{"line":44,"column":0},"end":{"line":44,"column":8}},"44":{"start":{"line":45,"column":0},"end":{"line":45,"column":25}},"45":{"start":{"line":46,"column":0},"end":{"line":46,"column":106}},"46":{"start":{"line":47,"column":0},"end":{"line":47,"column":40}},"47":{"start":{"line":48,"column":0},"end":{"line":48,"column":44}},"48":{"start":{"line":49,"column":0},"end":{"line":49,"column":17}},"49":{"start":{"line":50,"column":0},"end":{"line":50,"column":30}},"50":{"start":{"line":51,"column":0},"end":{"line":51,"column":44}},"51":{"start":{"line":52,"column":0},"end":{"line":52,"column":49}},"52":{"start":{"line":53,"column":0},"end":{"line":53,"column":19}},"53":{"start":{"line":54,"column":0},"end":{"line":54,"column":18}},"54":{"start":{"line":55,"column":0},"end":{"line":55,"column":55}},"55":{"start":{"line":56,"column":0},"end":{"line":56,"column":34}},"56":{"start":{"line":57,"column":0},"end":{"line":57,"column":30}},"57":{"start":{"line":58,"column":0},"end":{"line":58,"column":79}},"58":{"start":{"line":59,"column":0},"end":{"line":59,"column":54}},"59":{"start":{"line":60,"column":0},"end":{"line":60,"column":18}},"60":{"start":{"line":61,"column":0},"end":{"line":61,"column":64}},"61":{"start":{"line":62,"column":0},"end":{"line":62,"column":30}},"63":{"start":{"line":64,"column":0},"end":{"line":64,"column":30}},"64":{"start":{"line":65,"column":0},"end":{"line":65,"column":19}},"65":{"start":{"line":66,"column":0},"end":{"line":66,"column":15}},"66":{"start":{"line":67,"column":0},"end":{"line":67,"column":15}},"67":{"start":{"line":68,"column":0},"end":{"line":68,"column":14}},"69":{"start":{"line":70,"column":0},"end":{"line":70,"column":10}},"71":{"start":{"line":72,"column":0},"end":{"line":72,"column":2}},"73":{"start":{"line":74,"column":0},"end":{"line":74,"column":33}}},"s":{"0":1,"1":1,"2":1,"3":1,"11":1,"12":38,"13":38,"14":38,"15":38,"16":38,"17":38,"18":38,"19":38,"20":38,"21":38,"22":38,"23":38,"24":38,"25":38,"26":38,"27":38,"28":38,"30":38,"31":38,"32":38,"33":38,"34":38,"35":38,"36":38,"37":38,"38":38,"39":38,"40":38,"41":38,"42":38,"43":38,"44":38,"45":14,"46":14,"47":14,"48":36,"49":36,"50":60,"51":60,"52":60,"53":60,"54":36,"55":36,"56":36,"57":36,"58":36,"59":36,"60":36,"61":36,"63":36,"64":36,"65":14,"66":14,"67":14,"69":38,"71":38,"73":1},"branchMap":{"0":{"type":"branch","line":12,"loc":{"start":{"line":12,"column":26},"end":{"line":72,"column":2}},"locations":[{"start":{"line":12,"column":26},"end":{"line":72,"column":2}}]},"1":{"type":"branch","line":45,"loc":{"start":{"line":45,"column":7},"end":{"line":68,"column":14}},"locations":[{"start":{"line":45,"column":7},"end":{"line":68,"column":14}}]},"2":{"type":"branch","line":37,"loc":{"start":{"line":37,"column":18},"end":{"line":37,"column":50}},"locations":[{"start":{"line":37,"column":18},"end":{"line":37,"column":50}}]},"3":{"type":"branch","line":48,"loc":{"start":{"line":48,"column":26},"end":{"line":65,"column":19}},"locations":[{"start":{"line":48,"column":26},"end":{"line":65,"column":19}}]},"4":{"type":"branch","line":59,"loc":{"start":{"line":59,"column":36},"end":{"line":59,"column":54}},"locations":[{"start":{"line":59,"column":36},"end":{"line":59,"column":54}}]},"5":{"type":"branch","line":50,"loc":{"start":{"line":50,"column":21},"end":{"line":54,"column":18}},"locations":[{"start":{"line":50,"column":21},"end":{"line":54,"column":18}}]},"6":{"type":"branch","line":55,"loc":{"start":{"line":55,"column":29},"end":{"line":55,"column":55}},"locations":[{"start":{"line":55,"column":29},"end":{"line":55,"column":55}}]},"7":{"type":"branch","line":61,"loc":{"start":{"line":61,"column":25},"end":{"line":61,"column":64}},"locations":[{"start":{"line":61,"column":25},"end":{"line":61,"column":64}}]}},"b":{"0":[38],"1":[14],"2":[2],"3":[36],"4":[12],"5":[60],"6":[1],"7":[1]},"fnMap":{"0":{"name":"AutoCompleteInput","decl":{"start":{"line":12,"column":26},"end":{"line":72,"column":2}},"loc":{"start":{"line":12,"column":26},"end":{"line":72,"column":2}},"line":12},"1":{"name":"onChange","decl":{"start":{"line":37,"column":18},"end":{"line":37,"column":50}},"loc":{"start":{"line":37,"column":18},"end":{"line":37,"column":50}},"line":37},"2":{"name":"ref","decl":{"start":{"line":50,"column":21},"end":{"line":54,"column":18}},"loc":{"start":{"line":50,"column":21},"end":{"line":54,"column":18}},"line":50},"3":{"name":"onMouseDown","decl":{"start":{"line":55,"column":29},"end":{"line":55,"column":55}},"loc":{"start":{"line":55,"column":29},"end":{"line":55,"column":55}},"line":55},"4":{"name":"onClick","decl":{"start":{"line":61,"column":25},"end":{"line":61,"column":64}},"loc":{"start":{"line":61,"column":25},"end":{"line":61,"column":64}},"line":61}},"f":{"0":38,"1":2,"2":60,"3":1,"4":1}}
,"/Users/felixfernando/Developer/Projects/omdb/src/components/custom/AutoCompleteInput/useAutoCompleteInputImpl.ts": {"path":"/Users/felixfernando/Developer/Projects/omdb/src/components/custom/AutoCompleteInput/useAutoCompleteInputImpl.ts","all":false,"statementMap":{"0":{"start":{"line":1,"column":0},"end":{"line":1,"column":52}},"7":{"start":{"line":8,"column":0},"end":{"line":8,"column":42}},"8":{"start":{"line":9,"column":0},"end":{"line":9,"column":11}},"9":{"start":{"line":10,"column":0},"end":{"line":10,"column":10}},"10":{"start":{"line":11,"column":0},"end":{"line":11,"column":34}},"11":{"start":{"line":12,"column":0},"end":{"line":12,"column":50}},"12":{"start":{"line":13,"column":0},"end":{"line":13,"column":58}},"14":{"start":{"line":15,"column":0},"end":{"line":15,"column":60}},"15":{"start":{"line":16,"column":0},"end":{"line":16,"column":56}},"17":{"start":{"line":18,"column":0},"end":{"line":18,"column":19}},"18":{"start":{"line":19,"column":0},"end":{"line":19,"column":44}},"19":{"start":{"line":20,"column":0},"end":{"line":20,"column":57}},"20":{"start":{"line":21,"column":0},"end":{"line":21,"column":27}},"21":{"start":{"line":22,"column":0},"end":{"line":22,"column":25}},"22":{"start":{"line":23,"column":0},"end":{"line":23,"column":9}},"23":{"start":{"line":24,"column":0},"end":{"line":24,"column":5}},"24":{"start":{"line":25,"column":0},"end":{"line":25,"column":22}},"27":{"start":{"line":28,"column":0},"end":{"line":28,"column":31}},"28":{"start":{"line":29,"column":0},"end":{"line":29,"column":27}},"29":{"start":{"line":30,"column":0},"end":{"line":30,"column":24}},"30":{"start":{"line":31,"column":0},"end":{"line":31,"column":4}},"32":{"start":{"line":33,"column":0},"end":{"line":33,"column":30}},"33":{"start":{"line":34,"column":0},"end":{"line":34,"column":28}},"34":{"start":{"line":35,"column":0},"end":{"line":35,"column":4}},"36":{"start":{"line":37,"column":0},"end":{"line":37,"column":73}},"37":{"start":{"line":38,"column":0},"end":{"line":38,"column":32}},"38":{"start":{"line":39,"column":0},"end":{"line":39,"column":25}},"39":{"start":{"line":40,"column":0},"end":{"line":40,"column":86}},"40":{"start":{"line":41,"column":0},"end":{"line":41,"column":5}},"41":{"start":{"line":42,"column":0},"end":{"line":42,"column":30}},"42":{"start":{"line":43,"column":0},"end":{"line":43,"column":25}},"43":{"start":{"line":44,"column":0},"end":{"line":44,"column":56}},"44":{"start":{"line":45,"column":0},"end":{"line":45,"column":5}},"45":{"start":{"line":46,"column":0},"end":{"line":46,"column":28}},"46":{"start":{"line":47,"column":0},"end":{"line":47,"column":25}},"47":{"start":{"line":48,"column":0},"end":{"line":48,"column":44}},"48":{"start":{"line":49,"column":0},"end":{"line":49,"column":50}},"49":{"start":{"line":50,"column":0},"end":{"line":50,"column":7}},"50":{"start":{"line":51,"column":0},"end":{"line":51,"column":32}},"51":{"start":{"line":52,"column":0},"end":{"line":52,"column":5}},"52":{"start":{"line":53,"column":0},"end":{"line":53,"column":4}},"54":{"start":{"line":55,"column":0},"end":{"line":55,"column":49}},"55":{"start":{"line":56,"column":0},"end":{"line":56,"column":20}},"56":{"start":{"line":57,"column":0},"end":{"line":57,"column":28}},"57":{"start":{"line":58,"column":0},"end":{"line":58,"column":4}},"59":{"start":{"line":60,"column":0},"end":{"line":60,"column":10}},"60":{"start":{"line":61,"column":0},"end":{"line":61,"column":14}},"61":{"start":{"line":62,"column":0},"end":{"line":62,"column":15}},"62":{"start":{"line":63,"column":0},"end":{"line":63,"column":18}},"63":{"start":{"line":64,"column":0},"end":{"line":64,"column":18}},"64":{"start":{"line":65,"column":0},"end":{"line":65,"column":18}},"65":{"start":{"line":66,"column":0},"end":{"line":66,"column":17}},"66":{"start":{"line":67,"column":0},"end":{"line":67,"column":20}},"67":{"start":{"line":68,"column":0},"end":{"line":68,"column":22}},"68":{"start":{"line":69,"column":0},"end":{"line":69,"column":3}},"69":{"start":{"line":70,"column":0},"end":{"line":70,"column":2}}},"s":{"0":1,"7":1,"8":38,"9":38,"10":38,"11":38,"12":38,"14":38,"15":38,"17":38,"18":19,"19":5,"20":5,"21":5,"22":5,"23":5,"24":38,"27":38,"28":6,"29":6,"30":6,"32":38,"33":1,"34":1,"36":38,"37":11,"38":5,"39":5,"40":5,"41":11,"42":3,"43":3,"44":3,"45":11,"46":3,"47":3,"48":2,"49":2,"50":3,"51":3,"52":11,"54":38,"55":1,"56":1,"57":1,"59":38,"60":38,"61":38,"62":38,"63":38,"64":38,"65":38,"66":38,"67":38,"68":38,"69":38},"branchMap":{"0":{"type":"branch","line":8,"loc":{"start":{"line":8,"column":40},"end":{"line":70,"column":2}},"locations":[{"start":{"line":8,"column":40},"end":{"line":70,"column":2}}]},"1":{"type":"branch","line":18,"loc":{"start":{"line":18,"column":12},"end":{"line":25,"column":5}},"locations":[{"start":{"line":18,"column":12},"end":{"line":25,"column":5}}]},"2":{"type":"branch","line":19,"loc":{"start":{"line":19,"column":43},"end":{"line":24,"column":5}},"locations":[{"start":{"line":19,"column":43},"end":{"line":24,"column":5}}]},"3":{"type":"branch","line":28,"loc":{"start":{"line":28,"column":24},"end":{"line":31,"column":4}},"locations":[{"start":{"line":28,"column":24},"end":{"line":31,"column":4}}]},"4":{"type":"branch","line":33,"loc":{"start":{"line":33,"column":23},"end":{"line":35,"column":4}},"locations":[{"start":{"line":33,"column":23},"end":{"line":35,"column":4}}]},"5":{"type":"branch","line":37,"loc":{"start":{"line":37,"column":26},"end":{"line":53,"column":4}},"locations":[{"start":{"line":37,"column":26},"end":{"line":53,"column":4}}]},"6":{"type":"branch","line":38,"loc":{"start":{"line":38,"column":31},"end":{"line":41,"column":5}},"locations":[{"start":{"line":38,"column":31},"end":{"line":41,"column":5}}]},"7":{"type":"branch","line":42,"loc":{"start":{"line":42,"column":29},"end":{"line":45,"column":5}},"locations":[{"start":{"line":42,"column":29},"end":{"line":45,"column":5}}]},"8":{"type":"branch","line":46,"loc":{"start":{"line":46,"column":27},"end":{"line":52,"column":5}},"locations":[{"start":{"line":46,"column":27},"end":{"line":52,"column":5}}]},"9":{"type":"branch","line":48,"loc":{"start":{"line":48,"column":33},"end":{"line":48,"column":43}},"locations":[{"start":{"line":48,"column":33},"end":{"line":48,"column":43}}]},"10":{"type":"branch","line":48,"loc":{"start":{"line":48,"column":43},"end":{"line":50,"column":7}},"locations":[{"start":{"line":48,"column":43},"end":{"line":50,"column":7}}]},"11":{"type":"branch","line":40,"loc":{"start":{"line":40,"column":23},"end":{"line":40,"column":84}},"locations":[{"start":{"line":40,"column":23},"end":{"line":40,"column":84}}]},"12":{"type":"branch","line":40,"loc":{"start":{"line":40,"column":53},"end":{"line":40,"column":68}},"locations":[{"start":{"line":40,"column":53},"end":{"line":40,"column":68}}]},"13":{"type":"branch","line":40,"loc":{"start":{"line":40,"column":78},"end":{"line":40,"column":84}},"locations":[{"start":{"line":40,"column":78},"end":{"line":40,"column":84}}]},"14":{"type":"branch","line":44,"loc":{"start":{"line":44,"column":23},"end":{"line":44,"column":54}},"locations":[{"start":{"line":44,"column":23},"end":{"line":44,"column":54}}]},"15":{"type":"branch","line":55,"loc":{"start":{"line":55,"column":29},"end":{"line":58,"column":4}},"locations":[{"start":{"line":55,"column":29},"end":{"line":58,"column":4}}]}},"b":{"0":[38],"1":[19],"2":[5],"3":[6],"4":[1],"5":[11],"6":[5],"7":[3],"8":[3],"9":[2],"10":[2],"11":[5],"12":[0],"13":[0],"14":[3],"15":[1]},"fnMap":{"0":{"name":"useAutoCompleteInputImpl","decl":{"start":{"line":8,"column":40},"end":{"line":70,"column":2}},"loc":{"start":{"line":8,"column":40},"end":{"line":70,"column":2}},"line":8},"1":{"name":"handleOnFocus","decl":{"start":{"line":28,"column":24},"end":{"line":31,"column":4}},"loc":{"start":{"line":28,"column":24},"end":{"line":31,"column":4}},"line":28},"2":{"name":"handleOnBlur","decl":{"start":{"line":33,"column":23},"end":{"line":35,"column":4}},"loc":{"start":{"line":33,"column":23},"end":{"line":35,"column":4}},"line":33},"3":{"name":"handleOnKeyDown","decl":{"start":{"line":37,"column":26},"end":{"line":53,"column":4}},"loc":{"start":{"line":37,"column":26},"end":{"line":53,"column":4}},"line":37},"4":{"name":"handleOnClickValue","decl":{"start":{"line":55,"column":29},"end":{"line":58,"column":4}},"loc":{"start":{"line":55,"column":29},"end":{"line":58,"column":4}},"line":55}},"f":{"0":38,"1":6,"2":1,"3":11,"4":1}}
,"/Users/felixfernando/Developer/Projects/omdb/src/components/pages/index.ts": {"path":"/Users/felixfernando/Developer/Projects/omdb/src/components/pages/index.ts","all":true,"statementMap":{"0":{"start":{"line":1,"column":0},"end":{"line":1,"column":56}},"1":{"start":{"line":2,"column":0},"end":{"line":2,"column":70}}},"s":{"0":0,"1":0},"branchMap":{"0":{"type":"branch","line":1,"loc":{"start":{"line":1,"column":127},"end":{"line":2,"column":70}},"locations":[{"start":{"line":1,"column":127},"end":{"line":2,"column":70}}]}},"b":{"0":[0]},"fnMap":{"0":{"name":"(empty-report)","decl":{"start":{"line":1,"column":127},"end":{"line":2,"column":70}},"loc":{"start":{"line":1,"column":127},"end":{"line":2,"column":70}},"line":1}},"f":{"0":0}}
,"/Users/felixfernando/Developer/Projects/omdb/src/components/pages/HomePage/index.tsx": {"path":"/Users/felixfernando/Developer/Projects/omdb/src/components/pages/HomePage/index.tsx","all":false,"statementMap":{"0":{"start":{"line":1,"column":0},"end":{"line":1,"column":56}},"1":{"start":{"line":2,"column":0},"end":{"line":2,"column":41}},"2":{"start":{"line":3,"column":0},"end":{"line":3,"column":66}},"4":{"start":{"line":5,"column":0},"end":{"line":5,"column":31}},"5":{"start":{"line":6,"column":0},"end":{"line":6,"column":75}},"7":{"start":{"line":8,"column":0},"end":{"line":8,"column":10}},"8":{"start":{"line":9,"column":0},"end":{"line":9,"column":73}},"9":{"start":{"line":10,"column":0},"end":{"line":10,"column":70}},"10":{"start":{"line":11,"column":0},"end":{"line":11,"column":55}},"11":{"start":{"line":12,"column":0},"end":{"line":12,"column":73}},"12":{"start":{"line":13,"column":0},"end":{"line":13,"column":59}},"14":{"start":{"line":15,"column":0},"end":{"line":15,"column":14}},"15":{"start":{"line":16,"column":0},"end":{"line":16,"column":14}},"16":{"start":{"line":17,"column":0},"end":{"line":17,"column":26}},"17":{"start":{"line":18,"column":0},"end":{"line":18,"column":33}},"18":{"start":{"line":19,"column":0},"end":{"line":19,"column":24}},"19":{"start":{"line":20,"column":0},"end":{"line":20,"column":33}},"20":{"start":{"line":21,"column":0},"end":{"line":21,"column":10}},"21":{"start":{"line":22,"column":0},"end":{"line":22,"column":12}},"22":{"start":{"line":23,"column":0},"end":{"line":23,"column":37}},"23":{"start":{"line":24,"column":0},"end":{"line":24,"column":21}},"24":{"start":{"line":25,"column":0},"end":{"line":25,"column":12}},"25":{"start":{"line":26,"column":0},"end":{"line":26,"column":10}},"27":{"start":{"line":28,"column":0},"end":{"line":28,"column":2}},"29":{"start":{"line":30,"column":0},"end":{"line":30,"column":31}}},"s":{"0":1,"1":1,"2":1,"4":1,"5":14,"7":14,"8":14,"9":14,"10":14,"11":14,"12":14,"14":14,"15":14,"16":14,"17":14,"18":14,"19":14,"20":14,"21":14,"22":14,"23":14,"24":14,"25":14,"27":14,"29":1},"branchMap":{"0":{"type":"branch","line":5,"loc":{"start":{"line":5,"column":24},"end":{"line":28,"column":2}},"locations":[{"start":{"line":5,"column":24},"end":{"line":28,"column":2}}]}},"b":{"0":[14]},"fnMap":{"0":{"name":"HomePageContent","decl":{"start":{"line":5,"column":24},"end":{"line":28,"column":2}},"loc":{"start":{"line":5,"column":24},"end":{"line":28,"column":2}},"line":5}},"f":{"0":14}}
,"/Users/felixfernando/Developer/Projects/omdb/src/components/pages/HomePage/useHomePageContentImpl.ts": {"path":"/Users/felixfernando/Developer/Projects/omdb/src/components/pages/HomePage/useHomePageContentImpl.ts","all":false,"statementMap":{"0":{"start":{"line":1,"column":0},"end":{"line":1,"column":38}},"1":{"start":{"line":2,"column":0},"end":{"line":2,"column":33}},"2":{"start":{"line":3,"column":0},"end":{"line":3,"column":57}},"3":{"start":{"line":4,"column":0},"end":{"line":4,"column":71}},"4":{"start":{"line":5,"column":0},"end":{"line":5,"column":64}},"5":{"start":{"line":6,"column":0},"end":{"line":6,"column":44}},"7":{"start":{"line":8,"column":0},"end":{"line":8,"column":26}},"9":{"start":{"line":10,"column":0},"end":{"line":10,"column":45}},"10":{"start":{"line":11,"column":0},"end":{"line":11,"column":36}},"11":{"start":{"line":12,"column":0},"end":{"line":12,"column":68}},"12":{"start":{"line":13,"column":0},"end":{"line":13,"column":53}},"13":{"start":{"line":14,"column":0},"end":{"line":14,"column":61}},"15":{"start":{"line":16,"column":0},"end":{"line":16,"column":55}},"16":{"start":{"line":17,"column":0},"end":{"line":17,"column":23}},"17":{"start":{"line":18,"column":0},"end":{"line":18,"column":23}},"18":{"start":{"line":19,"column":0},"end":{"line":19,"column":5}},"20":{"start":{"line":21,"column":0},"end":{"line":21,"column":32}},"21":{"start":{"line":22,"column":0},"end":{"line":22,"column":20}},"22":{"start":{"line":23,"column":0},"end":{"line":23,"column":4}},"24":{"start":{"line":25,"column":0},"end":{"line":25,"column":19}},"25":{"start":{"line":26,"column":0},"end":{"line":26,"column":61}},"26":{"start":{"line":27,"column":0},"end":{"line":27,"column":65}},"27":{"start":{"line":28,"column":0},"end":{"line":28,"column":12}},"28":{"start":{"line":29,"column":0},"end":{"line":29,"column":30}},"29":{"start":{"line":30,"column":0},"end":{"line":30,"column":5}},"30":{"start":{"line":31,"column":0},"end":{"line":31,"column":33}},"32":{"start":{"line":33,"column":0},"end":{"line":33,"column":21}},"33":{"start":{"line":34,"column":0},"end":{"line":34,"column":14}},"34":{"start":{"line":35,"column":0},"end":{"line":35,"column":15}},"35":{"start":{"line":36,"column":0},"end":{"line":36,"column":17}},"36":{"start":{"line":37,"column":0},"end":{"line":37,"column":7}},"37":{"start":{"line":38,"column":0},"end":{"line":38,"column":6}},"38":{"start":{"line":39,"column":0},"end":{"line":39,"column":29}},"40":{"start":{"line":41,"column":0},"end":{"line":41,"column":43}},"41":{"start":{"line":42,"column":0},"end":{"line":42,"column":21}},"42":{"start":{"line":43,"column":0},"end":{"line":43,"column":4}},"44":{"start":{"line":45,"column":0},"end":{"line":45,"column":59}},"45":{"start":{"line":46,"column":0},"end":{"line":46,"column":1}}},"s":{"0":1,"1":1,"2":1,"3":1,"4":1,"5":1,"7":1,"9":1,"10":14,"11":14,"12":14,"13":14,"15":14,"16":9,"17":9,"18":14,"20":14,"21":14,"22":14,"24":14,"25":5,"26":3,"27":5,"28":2,"29":2,"30":14,"32":14,"33":1,"34":1,"35":1,"36":1,"37":1,"38":14,"40":14,"41":1,"42":1,"44":14,"45":14},"branchMap":{"0":{"type":"branch","line":10,"loc":{"start":{"line":10,"column":38},"end":{"line":46,"column":1}},"locations":[{"start":{"line":10,"column":38},"end":{"line":46,"column":1}}]},"1":{"type":"branch","line":14,"loc":{"start":{"line":14,"column":52},"end":{"line":14,"column":59}},"locations":[{"start":{"line":14,"column":52},"end":{"line":14,"column":59}}]},"2":{"type":"branch","line":12,"loc":{"start":{"line":12,"column":43},"end":{"line":12,"column":66}},"locations":[{"start":{"line":12,"column":43},"end":{"line":12,"column":66}}]},"3":{"type":"branch","line":16,"loc":{"start":{"line":16,"column":42},"end":{"line":19,"column":4}},"locations":[{"start":{"line":16,"column":42},"end":{"line":19,"column":4}}]},"4":{"type":"branch","line":25,"loc":{"start":{"line":25,"column":12},"end":{"line":31,"column":5}},"locations":[{"start":{"line":25,"column":12},"end":{"line":31,"column":5}}]},"5":{"type":"branch","line":26,"loc":{"start":{"line":26,"column":21},"end":{"line":26,"column":60}},"locations":[{"start":{"line":26,"column":21},"end":{"line":26,"column":60}}]},"6":{"type":"branch","line":26,"loc":{"start":{"line":26,"column":60},"end":{"line":28,"column":11}},"locations":[{"start":{"line":26,"column":60},"end":{"line":28,"column":11}}]},"7":{"type":"branch","line":28,"loc":{"start":{"line":28,"column":4},"end":{"line":30,"column":5}},"locations":[{"start":{"line":28,"column":4},"end":{"line":30,"column":5}}]},"8":{"type":"branch","line":33,"loc":{"start":{"line":33,"column":14},"end":{"line":39,"column":5}},"locations":[{"start":{"line":33,"column":14},"end":{"line":39,"column":5}}]},"9":{"type":"branch","line":41,"loc":{"start":{"line":41,"column":23},"end":{"line":43,"column":4}},"locations":[{"start":{"line":41,"column":23},"end":{"line":43,"column":4}}]}},"b":{"0":[14],"1":[5],"2":[27],"3":[9],"4":[5],"5":[3],"6":[3],"7":[2],"8":[1],"9":[1]},"fnMap":{"0":{"name":"useHomePageContentImpl","decl":{"start":{"line":10,"column":38},"end":{"line":46,"column":1}},"loc":{"start":{"line":10,"column":38},"end":{"line":46,"column":1}},"line":10},"1":{"name":"handleSearch","decl":{"start":{"line":41,"column":23},"end":{"line":43,"column":4}},"loc":{"start":{"line":41,"column":23},"end":{"line":43,"column":4}},"line":41}},"f":{"0":14,"1":1}}
,"/Users/felixfernando/Developer/Projects/omdb/src/components/pages/HomePage/components/MovieEmpty.tsx": {"path":"/Users/felixfernando/Developer/Projects/omdb/src/components/pages/HomePage/components/MovieEmpty.tsx","all":false,"statementMap":{"0":{"start":{"line":1,"column":0},"end":{"line":1,"column":36}},"2":{"start":{"line":3,"column":0},"end":{"line":3,"column":26}},"3":{"start":{"line":4,"column":0},"end":{"line":4,"column":10}},"4":{"start":{"line":5,"column":0},"end":{"line":5,"column":98}},"5":{"start":{"line":6,"column":0},"end":{"line":6,"column":36}},"6":{"start":{"line":7,"column":0},"end":{"line":7,"column":58}},"7":{"start":{"line":8,"column":0},"end":{"line":8,"column":10}},"9":{"start":{"line":10,"column":0},"end":{"line":10,"column":2}},"11":{"start":{"line":12,"column":0},"end":{"line":12,"column":26}}},"s":{"0":1,"2":1,"3":1,"4":1,"5":1,"6":1,"7":1,"9":1,"11":1},"branchMap":{"0":{"type":"branch","line":3,"loc":{"start":{"line":3,"column":19},"end":{"line":10,"column":2}},"locations":[{"start":{"line":3,"column":19},"end":{"line":10,"column":2}}]}},"b":{"0":[1]},"fnMap":{"0":{"name":"MovieEmpty","decl":{"start":{"line":3,"column":19},"end":{"line":10,"column":2}},"loc":{"start":{"line":3,"column":19},"end":{"line":10,"column":2}},"line":3}},"f":{"0":1}}
,"/Users/felixfernando/Developer/Projects/omdb/src/components/pages/HomePage/components/MovieListError.tsx": {"path":"/Users/felixfernando/Developer/Projects/omdb/src/components/pages/HomePage/components/MovieListError.tsx","all":false,"statementMap":{"0":{"start":{"line":1,"column":0},"end":{"line":1,"column":36}},"2":{"start":{"line":3,"column":0},"end":{"line":3,"column":70}},"3":{"start":{"line":4,"column":0},"end":{"line":4,"column":10}},"4":{"start":{"line":5,"column":0},"end":{"line":5,"column":93}},"5":{"start":{"line":6,"column":0},"end":{"line":6,"column":36}},"6":{"start":{"line":7,"column":0},"end":{"line":7,"column":56}},"7":{"start":{"line":8,"column":0},"end":{"line":8,"column":10}},"9":{"start":{"line":10,"column":0},"end":{"line":10,"column":2}},"11":{"start":{"line":12,"column":0},"end":{"line":12,"column":30}}},"s":{"0":1,"2":1,"3":2,"4":2,"5":2,"6":2,"7":2,"9":2,"11":1},"branchMap":{"0":{"type":"branch","line":3,"loc":{"start":{"line":3,"column":23},"end":{"line":10,"column":2}},"locations":[{"start":{"line":3,"column":23},"end":{"line":10,"column":2}}]}},"b":{"0":[2]},"fnMap":{"0":{"name":"MovieListError","decl":{"start":{"line":3,"column":23},"end":{"line":10,"column":2}},"loc":{"start":{"line":3,"column":23},"end":{"line":10,"column":2}},"line":3}},"f":{"0":2}}
,"/Users/felixfernando/Developer/Projects/omdb/src/components/pages/HomePage/components/MovieListLoading.tsx": {"path":"/Users/felixfernando/Developer/Projects/omdb/src/components/pages/HomePage/components/MovieListLoading.tsx","all":false,"statementMap":{"0":{"start":{"line":1,"column":0},"end":{"line":1,"column":52}},"2":{"start":{"line":3,"column":0},"end":{"line":3,"column":32}},"3":{"start":{"line":4,"column":0},"end":{"line":4,"column":10}},"4":{"start":{"line":5,"column":0},"end":{"line":5,"column":51}},"5":{"start":{"line":6,"column":0},"end":{"line":6,"column":103}},"6":{"start":{"line":7,"column":0},"end":{"line":7,"column":55}},"7":{"start":{"line":8,"column":0},"end":{"line":8,"column":64}},"8":{"start":{"line":9,"column":0},"end":{"line":9,"column":11}},"9":{"start":{"line":10,"column":0},"end":{"line":10,"column":12}},"10":{"start":{"line":11,"column":0},"end":{"line":11,"column":10}},"12":{"start":{"line":13,"column":0},"end":{"line":13,"column":2}},"14":{"start":{"line":15,"column":0},"end":{"line":15,"column":32}}},"s":{"0":1,"2":1,"3":3,"4":3,"5":3,"6":3,"7":30,"8":3,"9":3,"10":3,"12":3,"14":1},"branchMap":{"0":{"type":"branch","line":3,"loc":{"start":{"line":3,"column":25},"end":{"line":13,"column":2}},"locations":[{"start":{"line":3,"column":25},"end":{"line":13,"column":2}}]},"1":{"type":"branch","line":7,"loc":{"start":{"line":7,"column":40},"end":{"line":8,"column":64}},"locations":[{"start":{"line":7,"column":40},"end":{"line":8,"column":64}}]}},"b":{"0":[3],"1":[30]},"fnMap":{"0":{"name":"MovieListLoading","decl":{"start":{"line":3,"column":25},"end":{"line":13,"column":2}},"loc":{"start":{"line":3,"column":25},"end":{"line":13,"column":2}},"line":3}},"f":{"0":3}}
,"/Users/felixfernando/Developer/Projects/omdb/src/components/pages/HomePage/components/MovieNotSearching.tsx": {"path":"/Users/felixfernando/Developer/Projects/omdb/src/components/pages/HomePage/components/MovieNotSearching.tsx","all":false,"statementMap":{"0":{"start":{"line":1,"column":0},"end":{"line":1,"column":36}},"2":{"start":{"line":3,"column":0},"end":{"line":3,"column":33}},"3":{"start":{"line":4,"column":0},"end":{"line":4,"column":10}},"4":{"start":{"line":5,"column":0},"end":{"line":5,"column":98}},"5":{"start":{"line":6,"column":0},"end":{"line":6,"column":36}},"6":{"start":{"line":7,"column":0},"end":{"line":7,"column":76}},"7":{"start":{"line":8,"column":0},"end":{"line":8,"column":10}},"9":{"start":{"line":10,"column":0},"end":{"line":10,"column":2}},"11":{"start":{"line":12,"column":0},"end":{"line":12,"column":33}}},"s":{"0":1,"2":1,"3":5,"4":5,"5":5,"6":5,"7":5,"9":5,"11":1},"branchMap":{"0":{"type":"branch","line":3,"loc":{"start":{"line":3,"column":26},"end":{"line":10,"column":2}},"locations":[{"start":{"line":3,"column":26},"end":{"line":10,"column":2}}]}},"b":{"0":[5]},"fnMap":{"0":{"name":"MovieNotSearching","decl":{"start":{"line":3,"column":26},"end":{"line":10,"column":2}},"loc":{"start":{"line":3,"column":26},"end":{"line":10,"column":2}},"line":3}},"f":{"0":5}}
,"/Users/felixfernando/Developer/Projects/omdb/src/components/pages/HomePage/components/MoviePosterPopup.tsx": {"path":"/Users/felixfernando/Developer/Projects/omdb/src/components/pages/HomePage/components/MoviePosterPopup.tsx","all":false,"statementMap":{"0":{"start":{"line":1,"column":0},"end":{"line":1,"column":48}},"1":{"start":{"line":2,"column":0},"end":{"line":2,"column":78}},"3":{"start":{"line":4,"column":0},"end":{"line":4,"column":53}},"4":{"start":{"line":5,"column":0},"end":{"line":5,"column":46}},"11":{"start":{"line":12,"column":0},"end":{"line":12,"column":72}},"12":{"start":{"line":13,"column":0},"end":{"line":13,"column":33}},"14":{"start":{"line":15,"column":0},"end":{"line":15,"column":32}},"15":{"start":{"line":16,"column":0},"end":{"line":16,"column":14}},"16":{"start":{"line":17,"column":0},"end":{"line":17,"column":28}},"17":{"start":{"line":18,"column":0},"end":{"line":18,"column":15}},"18":{"start":{"line":19,"column":0},"end":{"line":19,"column":30}},"19":{"start":{"line":20,"column":0},"end":{"line":20,"column":8}},"20":{"start":{"line":21,"column":0},"end":{"line":21,"column":7}},"21":{"start":{"line":22,"column":0},"end":{"line":22,"column":4}},"23":{"start":{"line":24,"column":0},"end":{"line":24,"column":10}},"24":{"start":{"line":25,"column":0},"end":{"line":25,"column":12}},"25":{"start":{"line":26,"column":0},"end":{"line":26,"column":21}},"26":{"start":{"line":27,"column":0},"end":{"line":27,"column":12}},"27":{"start":{"line":28,"column":0},"end":{"line":28,"column":26}},"28":{"start":{"line":29,"column":0},"end":{"line":29,"column":28}},"29":{"start":{"line":30,"column":0},"end":{"line":30,"column":123}},"31":{"start":{"line":32,"column":0},"end":{"line":32,"column":93}},"32":{"start":{"line":33,"column":0},"end":{"line":33,"column":55}},"33":{"start":{"line":34,"column":0},"end":{"line":34,"column":18}},"34":{"start":{"line":35,"column":0},"end":{"line":35,"column":34}},"35":{"start":{"line":36,"column":0},"end":{"line":36,"column":33}},"36":{"start":{"line":37,"column":0},"end":{"line":37,"column":85}},"37":{"start":{"line":38,"column":0},"end":{"line":38,"column":16}},"39":{"start":{"line":40,"column":0},"end":{"line":40,"column":78}},"40":{"start":{"line":41,"column":0},"end":{"line":41,"column":68}},"41":{"start":{"line":42,"column":0},"end":{"line":42,"column":20}},"43":{"start":{"line":44,"column":0},"end":{"line":44,"column":16}},"44":{"start":{"line":45,"column":0},"end":{"line":45,"column":41}},"45":{"start":{"line":46,"column":0},"end":{"line":46,"column":74}},"46":{"start":{"line":47,"column":0},"end":{"line":47,"column":27}},"47":{"start":{"line":48,"column":0},"end":{"line":48,"column":17}},"48":{"start":{"line":49,"column":0},"end":{"line":49,"column":135}},"49":{"start":{"line":50,"column":0},"end":{"line":50,"column":46}},"50":{"start":{"line":51,"column":0},"end":{"line":51,"column":26}},"51":{"start":{"line":52,"column":0},"end":{"line":52,"column":18}},"52":{"start":{"line":53,"column":0},"end":{"line":53,"column":16}},"53":{"start":{"line":54,"column":0},"end":{"line":54,"column":14}},"54":{"start":{"line":55,"column":0},"end":{"line":55,"column":22}},"55":{"start":{"line":56,"column":0},"end":{"line":56,"column":21}},"56":{"start":{"line":57,"column":0},"end":{"line":57,"column":12}},"57":{"start":{"line":58,"column":0},"end":{"line":58,"column":28}},"58":{"start":{"line":59,"column":0},"end":{"line":59,"column":27}},"59":{"start":{"line":60,"column":0},"end":{"line":60,"column":92}},"60":{"start":{"line":61,"column":0},"end":{"line":61,"column":10}},"61":{"start":{"line":62,"column":0},"end":{"line":62,"column":35}},"62":{"start":{"line":63,"column":0},"end":{"line":63,"column":15}},"63":{"start":{"line":64,"column":0},"end":{"line":64,"column":68}},"64":{"start":{"line":65,"column":0},"end":{"line":65,"column":27}},"65":{"start":{"line":66,"column":0},"end":{"line":66,"column":17}},"66":{"start":{"line":67,"column":0},"end":{"line":67,"column":135}},"67":{"start":{"line":68,"column":0},"end":{"line":68,"column":46}},"68":{"start":{"line":69,"column":0},"end":{"line":69,"column":26}},"69":{"start":{"line":70,"column":0},"end":{"line":70,"column":18}},"70":{"start":{"line":71,"column":0},"end":{"line":71,"column":16}},"71":{"start":{"line":72,"column":0},"end":{"line":72,"column":74}},"73":{"start":{"line":74,"column":0},"end":{"line":74,"column":19}},"74":{"start":{"line":75,"column":0},"end":{"line":75,"column":14}},"75":{"start":{"line":76,"column":0},"end":{"line":76,"column":22}},"76":{"start":{"line":77,"column":0},"end":{"line":77,"column":13}},"78":{"start":{"line":79,"column":0},"end":{"line":79,"column":2}},"80":{"start":{"line":81,"column":0},"end":{"line":81,"column":32}}},"s":{"0":1,"1":1,"3":1,"4":1,"11":1,"12":9,"14":9,"15":1,"16":1,"17":1,"18":1,"19":1,"20":1,"21":1,"23":9,"24":9,"25":9,"26":9,"27":9,"28":9,"29":9,"31":9,"32":9,"33":9,"34":9,"35":9,"36":9,"37":9,"39":0,"40":0,"41":0,"43":9,"44":9,"45":9,"46":9,"47":9,"48":9,"49":9,"50":9,"51":9,"52":9,"53":9,"54":9,"55":9,"56":9,"57":9,"58":9,"59":9,"60":9,"61":9,"62":9,"63":9,"64":9,"65":9,"66":9,"67":9,"68":9,"69":9,"70":9,"71":9,"73":9,"74":9,"75":9,"76":9,"78":9,"80":1},"branchMap":{"0":{"type":"branch","line":12,"loc":{"start":{"line":12,"column":25},"end":{"line":79,"column":2}},"locations":[{"start":{"line":12,"column":25},"end":{"line":79,"column":2}}]},"1":{"type":"branch","line":38,"loc":{"start":{"line":38,"column":14},"end":{"line":42,"column":20}},"locations":[{"start":{"line":38,"column":14},"end":{"line":42,"column":20}}]},"2":{"type":"branch","line":15,"loc":{"start":{"line":15,"column":25},"end":{"line":22,"column":4}},"locations":[{"start":{"line":15,"column":25},"end":{"line":22,"column":4}}]}},"b":{"0":[9],"1":[0],"2":[1]},"fnMap":{"0":{"name":"MoviePosterPopup","decl":{"start":{"line":12,"column":25},"end":{"line":79,"column":2}},"loc":{"start":{"line":12,"column":25},"end":{"line":79,"column":2}},"line":12},"1":{"name":"handleNavigate","decl":{"start":{"line":15,"column":25},"end":{"line":22,"column":4}},"loc":{"start":{"line":15,"column":25},"end":{"line":22,"column":4}},"line":15}},"f":{"0":9,"1":1}}
,"/Users/felixfernando/Developer/Projects/omdb/src/components/pages/HomePage/components/index.ts": {"path":"/Users/felixfernando/Developer/Projects/omdb/src/components/pages/HomePage/components/index.ts","all":false,"statementMap":{"0":{"start":{"line":1,"column":0},"end":{"line":1,"column":53}},"1":{"start":{"line":2,"column":0},"end":{"line":2,"column":51}},"2":{"start":{"line":3,"column":0},"end":{"line":3,"column":61}},"3":{"start":{"line":4,"column":0},"end":{"line":4,"column":65}},"4":{"start":{"line":5,"column":0},"end":{"line":5,"column":67}},"5":{"start":{"line":6,"column":0},"end":{"line":6,"column":65}}},"s":{"0":1,"1":1,"2":1,"3":1,"4":1,"5":1},"branchMap":{},"b":{},"fnMap":{},"f":{}}
,"/Users/felixfernando/Developer/Projects/omdb/src/components/pages/HomePage/components/MovieList/index.tsx": {"path":"/Users/felixfernando/Developer/Projects/omdb/src/components/pages/HomePage/components/MovieList/index.tsx","all":false,"statementMap":{"0":{"start":{"line":1,"column":0},"end":{"line":1,"column":39}},"1":{"start":{"line":2,"column":0},"end":{"line":2,"column":8}},"7":{"start":{"line":8,"column":0},"end":{"line":8,"column":53}},"8":{"start":{"line":9,"column":0},"end":{"line":9,"column":54}},"10":{"start":{"line":11,"column":0},"end":{"line":11,"column":25}},"11":{"start":{"line":12,"column":0},"end":{"line":12,"column":9}},"12":{"start":{"line":13,"column":0},"end":{"line":13,"column":18}},"13":{"start":{"line":14,"column":0},"end":{"line":14,"column":16}},"14":{"start":{"line":15,"column":0},"end":{"line":15,"column":16}},"15":{"start":{"line":16,"column":0},"end":{"line":16,"column":11}},"16":{"start":{"line":17,"column":0},"end":{"line":17,"column":20}},"17":{"start":{"line":18,"column":0},"end":{"line":18,"column":18}},"18":{"start":{"line":19,"column":0},"end":{"line":19,"column":25}},"20":{"start":{"line":21,"column":0},"end":{"line":21,"column":51}},"21":{"start":{"line":22,"column":0},"end":{"line":22,"column":47}},"22":{"start":{"line":23,"column":0},"end":{"line":23,"column":71}},"23":{"start":{"line":24,"column":0},"end":{"line":24,"column":77}},"25":{"start":{"line":26,"column":0},"end":{"line":26,"column":10}},"26":{"start":{"line":27,"column":0},"end":{"line":27,"column":35}},"27":{"start":{"line":28,"column":0},"end":{"line":28,"column":96}},"28":{"start":{"line":29,"column":0},"end":{"line":29,"column":44}},"29":{"start":{"line":30,"column":0},"end":{"line":30,"column":75}},"30":{"start":{"line":31,"column":0},"end":{"line":31,"column":11}},"31":{"start":{"line":32,"column":0},"end":{"line":32,"column":12}},"32":{"start":{"line":33,"column":0},"end":{"line":33,"column":25}},"33":{"start":{"line":34,"column":0},"end":{"line":34,"column":63}},"34":{"start":{"line":35,"column":0},"end":{"line":35,"column":76}},"35":{"start":{"line":36,"column":0},"end":{"line":36,"column":14}},"37":{"start":{"line":38,"column":0},"end":{"line":38,"column":51}},"38":{"start":{"line":39,"column":0},"end":{"line":39,"column":10}},"40":{"start":{"line":41,"column":0},"end":{"line":41,"column":2}},"42":{"start":{"line":43,"column":0},"end":{"line":43,"column":25}}},"s":{"0":1,"1":1,"7":1,"8":1,"10":1,"11":14,"12":14,"13":14,"14":14,"15":14,"16":14,"17":14,"18":14,"20":14,"21":14,"22":14,"23":14,"25":3,"26":3,"27":3,"28":3,"29":9,"30":3,"31":3,"32":3,"33":0,"34":0,"35":0,"37":14,"38":14,"40":14,"42":1},"branchMap":{"0":{"type":"branch","line":11,"loc":{"start":{"line":11,"column":18},"end":{"line":41,"column":2}},"locations":[{"start":{"line":11,"column":18},"end":{"line":41,"column":2}}]},"1":{"type":"branch","line":21,"loc":{"start":{"line":21,"column":22},"end":{"line":21,"column":51}},"locations":[{"start":{"line":21,"column":22},"end":{"line":21,"column":51}}]},"2":{"type":"branch","line":21,"loc":{"start":{"line":21,"column":48},"end":{"line":22,"column":26}},"locations":[{"start":{"line":21,"column":48},"end":{"line":22,"column":26}}]},"3":{"type":"branch","line":22,"loc":{"start":{"line":22,"column":19},"end":{"line":22,"column":47}},"locations":[{"start":{"line":22,"column":19},"end":{"line":22,"column":47}}]},"4":{"type":"branch","line":22,"loc":{"start":{"line":22,"column":44},"end":{"line":23,"column":26}},"locations":[{"start":{"line":22,"column":44},"end":{"line":23,"column":26}}]},"5":{"type":"branch","line":23,"loc":{"start":{"line":23,"column":19},"end":{"line":23,"column":71}},"locations":[{"start":{"line":23,"column":19},"end":{"line":23,"column":71}}]},"6":{"type":"branch","line":23,"loc":{"start":{"line":23,"column":68},"end":{"line":24,"column":36}},"locations":[{"start":{"line":23,"column":68},"end":{"line":24,"column":36}}]},"7":{"type":"branch","line":24,"loc":{"start":{"line":24,"column":31},"end":{"line":24,"column":55}},"locations":[{"start":{"line":24,"column":31},"end":{"line":24,"column":55}}]},"8":{"type":"branch","line":24,"loc":{"start":{"line":24,"column":55},"end":{"line":24,"column":77}},"locations":[{"start":{"line":24,"column":55},"end":{"line":24,"column":77}}]},"9":{"type":"branch","line":24,"loc":{"start":{"line":24,"column":74},"end":{"line":33,"column":25}},"locations":[{"start":{"line":24,"column":74},"end":{"line":33,"column":25}}]},"10":{"type":"branch","line":33,"loc":{"start":{"line":33,"column":7},"end":{"line":36,"column":14}},"locations":[{"start":{"line":33,"column":7},"end":{"line":36,"column":14}}]},"11":{"type":"branch","line":29,"loc":{"start":{"line":29,"column":27},"end":{"line":30,"column":75}},"locations":[{"start":{"line":29,"column":27},"end":{"line":30,"column":75}}]}},"b":{"0":[14],"1":[5],"2":[9],"3":[3],"4":[6],"5":[2],"6":[4],"7":[1],"8":[1],"9":[3],"10":[0],"11":[9]},"fnMap":{"0":{"name":"MovieList","decl":{"start":{"line":11,"column":18},"end":{"line":41,"column":2}},"loc":{"start":{"line":11,"column":18},"end":{"line":41,"column":2}},"line":11}},"f":{"0":14}}
,"/Users/felixfernando/Developer/Projects/omdb/src/components/pages/HomePage/components/MovieList/useMovieListImpl.ts": {"path":"/Users/felixfernando/Developer/Projects/omdb/src/components/pages/HomePage/components/MovieList/useMovieListImpl.ts","all":false,"statementMap":{"0":{"start":{"line":1,"column":0},"end":{"line":1,"column":33}},"1":{"start":{"line":2,"column":0},"end":{"line":2,"column":57}},"2":{"start":{"line":3,"column":0},"end":{"line":3,"column":60}},"3":{"start":{"line":4,"column":0},"end":{"line":4,"column":51}},"4":{"start":{"line":5,"column":0},"end":{"line":5,"column":55}},"6":{"start":{"line":7,"column":0},"end":{"line":7,"column":24}},"8":{"start":{"line":9,"column":0},"end":{"line":9,"column":39}},"9":{"start":{"line":10,"column":0},"end":{"line":10,"column":9}},"10":{"start":{"line":11,"column":0},"end":{"line":11,"column":18}},"11":{"start":{"line":12,"column":0},"end":{"line":12,"column":16}},"12":{"start":{"line":13,"column":0},"end":{"line":13,"column":16}},"13":{"start":{"line":14,"column":0},"end":{"line":14,"column":18}},"14":{"start":{"line":15,"column":0},"end":{"line":15,"column":12}},"15":{"start":{"line":16,"column":0},"end":{"line":16,"column":16}},"16":{"start":{"line":17,"column":0},"end":{"line":17,"column":46}},"17":{"start":{"line":18,"column":0},"end":{"line":18,"column":36}},"19":{"start":{"line":20,"column":0},"end":{"line":20,"column":55}},"20":{"start":{"line":21,"column":0},"end":{"line":21,"column":53}},"21":{"start":{"line":22,"column":0},"end":{"line":22,"column":47}},"23":{"start":{"line":24,"column":0},"end":{"line":24,"column":44}},"24":{"start":{"line":25,"column":0},"end":{"line":25,"column":46}},"25":{"start":{"line":26,"column":0},"end":{"line":26,"column":15}},"26":{"start":{"line":27,"column":0},"end":{"line":27,"column":24}},"27":{"start":{"line":28,"column":0},"end":{"line":28,"column":24}},"28":{"start":{"line":29,"column":0},"end":{"line":29,"column":32}},"29":{"start":{"line":30,"column":0},"end":{"line":30,"column":10}},"30":{"start":{"line":31,"column":0},"end":{"line":31,"column":8}},"31":{"start":{"line":32,"column":0},"end":{"line":32,"column":5}},"32":{"start":{"line":33,"column":0},"end":{"line":33,"column":62}},"34":{"start":{"line":35,"column":0},"end":{"line":35,"column":19}},"35":{"start":{"line":36,"column":0},"end":{"line":36,"column":53}},"37":{"start":{"line":38,"column":0},"end":{"line":38,"column":46}},"38":{"start":{"line":39,"column":0},"end":{"line":39,"column":20}},"39":{"start":{"line":40,"column":0},"end":{"line":40,"column":32}},"40":{"start":{"line":41,"column":0},"end":{"line":41,"column":51}},"41":{"start":{"line":42,"column":0},"end":{"line":42,"column":8}},"42":{"start":{"line":43,"column":0},"end":{"line":43,"column":7}},"43":{"start":{"line":44,"column":0},"end":{"line":44,"column":19}},"44":{"start":{"line":45,"column":0},"end":{"line":45,"column":29}},"45":{"start":{"line":46,"column":0},"end":{"line":46,"column":7}},"46":{"start":{"line":47,"column":0},"end":{"line":47,"column":6}},"48":{"start":{"line":49,"column":0},"end":{"line":49,"column":47}},"50":{"start":{"line":51,"column":0},"end":{"line":51,"column":21}},"51":{"start":{"line":52,"column":0},"end":{"line":52,"column":35}},"52":{"start":{"line":53,"column":0},"end":{"line":53,"column":5}},"54":{"start":{"line":55,"column":0},"end":{"line":55,"column":18}},"55":{"start":{"line":56,"column":0},"end":{"line":56,"column":23}},"56":{"start":{"line":57,"column":0},"end":{"line":57,"column":39}},"57":{"start":{"line":58,"column":0},"end":{"line":58,"column":7}},"58":{"start":{"line":59,"column":0},"end":{"line":59,"column":6}},"59":{"start":{"line":60,"column":0},"end":{"line":60,"column":58}},"61":{"start":{"line":62,"column":0},"end":{"line":62,"column":10}},"62":{"start":{"line":63,"column":0},"end":{"line":63,"column":18}},"63":{"start":{"line":64,"column":0},"end":{"line":64,"column":16}},"64":{"start":{"line":65,"column":0},"end":{"line":65,"column":16}},"65":{"start":{"line":66,"column":0},"end":{"line":66,"column":11}},"66":{"start":{"line":67,"column":0},"end":{"line":67,"column":20}},"67":{"start":{"line":68,"column":0},"end":{"line":68,"column":18}},"68":{"start":{"line":69,"column":0},"end":{"line":69,"column":4}},"69":{"start":{"line":70,"column":0},"end":{"line":70,"column":2}}},"s":{"0":1,"1":1,"2":1,"3":1,"4":1,"6":1,"8":1,"9":14,"10":14,"11":14,"12":14,"13":14,"14":14,"15":14,"16":14,"17":14,"19":14,"20":14,"21":14,"23":14,"24":0,"25":0,"26":0,"27":0,"28":0,"29":0,"30":0,"31":0,"32":14,"34":14,"35":11,"37":3,"38":3,"39":0,"40":0,"41":0,"42":3,"43":3,"44":3,"45":3,"46":3,"48":3,"50":3,"51":3,"52":3,"54":3,"55":3,"56":3,"57":3,"58":3,"59":14,"61":14,"62":14,"63":14,"64":14,"65":14,"66":14,"67":14,"68":14,"69":14},"branchMap":{"0":{"type":"branch","line":9,"loc":{"start":{"line":9,"column":32},"end":{"line":70,"column":2}},"locations":[{"start":{"line":9,"column":32},"end":{"line":70,"column":2}}]},"1":{"type":"branch","line":22,"loc":{"start":{"line":22,"column":39},"end":{"line":22,"column":47}},"locations":[{"start":{"line":22,"column":39},"end":{"line":22,"column":47}}]},"2":{"type":"branch","line":17,"loc":{"start":{"line":17,"column":21},"end":{"line":17,"column":44}},"locations":[{"start":{"line":17,"column":21},"end":{"line":17,"column":44}}]},"3":{"type":"branch","line":35,"loc":{"start":{"line":35,"column":12},"end":{"line":60,"column":5}},"locations":[{"start":{"line":35,"column":12},"end":{"line":60,"column":5}}]},"4":{"type":"branch","line":36,"loc":{"start":{"line":36,"column":8},"end":{"line":36,"column":46}},"locations":[{"start":{"line":36,"column":8},"end":{"line":36,"column":46}}]},"5":{"type":"branch","line":36,"loc":{"start":{"line":36,"column":46},"end":{"line":36,"column":53}},"locations":[{"start":{"line":36,"column":46},"end":{"line":36,"column":53}}]},"6":{"type":"branch","line":36,"loc":{"start":{"line":36,"column":46},"end":{"line":59,"column":6}},"locations":[{"start":{"line":36,"column":46},"end":{"line":59,"column":6}}]},"7":{"type":"branch","line":55,"loc":{"start":{"line":55,"column":11},"end":{"line":59,"column":6}},"locations":[{"start":{"line":55,"column":11},"end":{"line":59,"column":6}}]}},"b":{"0":[14],"1":[5],"2":[27],"3":[11],"4":[8],"5":[8],"6":[3],"7":[3]},"fnMap":{"0":{"name":"useMovieListImpl","decl":{"start":{"line":9,"column":32},"end":{"line":70,"column":2}},"loc":{"start":{"line":9,"column":32},"end":{"line":70,"column":2}},"line":9},"1":{"name":"IntersectionObserver.root","decl":{"start":{"line":39,"column":6},"end":{"line":42,"column":8}},"loc":{"start":{"line":39,"column":6},"end":{"line":42,"column":8}},"line":39}},"f":{"0":14,"1":0}}
,"/Users/felixfernando/Developer/Projects/omdb/src/components/pages/MovieDetailPage/index.tsx": {"path":"/Users/felixfernando/Developer/Projects/omdb/src/components/pages/MovieDetailPage/index.tsx","all":false,"statementMap":{"0":{"start":{"line":1,"column":0},"end":{"line":1,"column":48}},"1":{"start":{"line":2,"column":0},"end":{"line":2,"column":8}},"11":{"start":{"line":12,"column":0},"end":{"line":12,"column":67}},"12":{"start":{"line":13,"column":0},"end":{"line":13,"column":55}},"13":{"start":{"line":14,"column":0},"end":{"line":14,"column":66}},"15":{"start":{"line":16,"column":0},"end":{"line":16,"column":38}},"16":{"start":{"line":17,"column":0},"end":{"line":17,"column":57}},"17":{"start":{"line":18,"column":0},"end":{"line":18,"column":29}},"19":{"start":{"line":20,"column":0},"end":{"line":20,"column":54}},"20":{"start":{"line":21,"column":0},"end":{"line":21,"column":74}},"22":{"start":{"line":23,"column":0},"end":{"line":23,"column":10}},"23":{"start":{"line":24,"column":0},"end":{"line":24,"column":124}},"24":{"start":{"line":25,"column":0},"end":{"line":25,"column":74}},"25":{"start":{"line":26,"column":0},"end":{"line":26,"column":15}},"26":{"start":{"line":27,"column":0},"end":{"line":27,"column":25}},"27":{"start":{"line":28,"column":0},"end":{"line":28,"column":51}},"28":{"start":{"line":29,"column":0},"end":{"line":29,"column":32}},"30":{"start":{"line":31,"column":0},"end":{"line":31,"column":43}},"32":{"start":{"line":33,"column":0},"end":{"line":33,"column":17}},"34":{"start":{"line":35,"column":0},"end":{"line":35,"column":84}},"35":{"start":{"line":36,"column":0},"end":{"line":36,"column":47}},"36":{"start":{"line":37,"column":0},"end":{"line":37,"column":115}},"37":{"start":{"line":38,"column":0},"end":{"line":38,"column":48}},"38":{"start":{"line":39,"column":0},"end":{"line":39,"column":20}},"39":{"start":{"line":40,"column":0},"end":{"line":40,"column":43}},"40":{"start":{"line":41,"column":0},"end":{"line":41,"column":42}},"41":{"start":{"line":42,"column":0},"end":{"line":42,"column":56}},"42":{"start":{"line":43,"column":0},"end":{"line":43,"column":18}},"44":{"start":{"line":45,"column":0},"end":{"line":45,"column":89}},"45":{"start":{"line":46,"column":0},"end":{"line":46,"column":81}},"46":{"start":{"line":47,"column":0},"end":{"line":47,"column":22}},"48":{"start":{"line":49,"column":0},"end":{"line":49,"column":18}},"50":{"start":{"line":51,"column":0},"end":{"line":51,"column":52}},"51":{"start":{"line":52,"column":0},"end":{"line":52,"column":108}},"52":{"start":{"line":53,"column":0},"end":{"line":53,"column":74}},"53":{"start":{"line":54,"column":0},"end":{"line":54,"column":59}},"54":{"start":{"line":55,"column":0},"end":{"line":55,"column":22}},"55":{"start":{"line":56,"column":0},"end":{"line":56,"column":51}},"56":{"start":{"line":57,"column":0},"end":{"line":57,"column":43}},"57":{"start":{"line":58,"column":0},"end":{"line":58,"column":22}},"58":{"start":{"line":59,"column":0},"end":{"line":59,"column":80}},"59":{"start":{"line":60,"column":0},"end":{"line":60,"column":20}},"60":{"start":{"line":61,"column":0},"end":{"line":61,"column":108}},"61":{"start":{"line":62,"column":0},"end":{"line":62,"column":71}},"62":{"start":{"line":63,"column":0},"end":{"line":63,"column":47}},"63":{"start":{"line":64,"column":0},"end":{"line":64,"column":22}},"64":{"start":{"line":65,"column":0},"end":{"line":65,"column":51}},"65":{"start":{"line":66,"column":0},"end":{"line":66,"column":42}},"66":{"start":{"line":67,"column":0},"end":{"line":67,"column":22}},"67":{"start":{"line":68,"column":0},"end":{"line":68,"column":78}},"68":{"start":{"line":69,"column":0},"end":{"line":69,"column":20}},"69":{"start":{"line":70,"column":0},"end":{"line":70,"column":18}},"70":{"start":{"line":71,"column":0},"end":{"line":71,"column":16}},"72":{"start":{"line":73,"column":0},"end":{"line":73,"column":47}},"73":{"start":{"line":74,"column":0},"end":{"line":74,"column":39}},"74":{"start":{"line":75,"column":0},"end":{"line":75,"column":101}},"75":{"start":{"line":76,"column":0},"end":{"line":76,"column":36}},"76":{"start":{"line":77,"column":0},"end":{"line":77,"column":19}},"78":{"start":{"line":79,"column":0},"end":{"line":79,"column":86}},"79":{"start":{"line":80,"column":0},"end":{"line":80,"column":133}},"80":{"start":{"line":81,"column":0},"end":{"line":81,"column":50}},"81":{"start":{"line":82,"column":0},"end":{"line":82,"column":37}},"82":{"start":{"line":83,"column":0},"end":{"line":83,"column":22}},"83":{"start":{"line":84,"column":0},"end":{"line":84,"column":133}},"84":{"start":{"line":85,"column":0},"end":{"line":85,"column":47}},"85":{"start":{"line":86,"column":0},"end":{"line":86,"column":40}},"86":{"start":{"line":87,"column":0},"end":{"line":87,"column":22}},"87":{"start":{"line":88,"column":0},"end":{"line":88,"column":111}},"88":{"start":{"line":89,"column":0},"end":{"line":89,"column":38}},"89":{"start":{"line":90,"column":0},"end":{"line":90,"column":22}},"90":{"start":{"line":91,"column":0},"end":{"line":91,"column":111}},"91":{"start":{"line":92,"column":0},"end":{"line":92,"column":37}},"92":{"start":{"line":93,"column":0},"end":{"line":93,"column":22}},"93":{"start":{"line":94,"column":0},"end":{"line":94,"column":20}},"95":{"start":{"line":96,"column":0},"end":{"line":96,"column":57}},"96":{"start":{"line":97,"column":0},"end":{"line":97,"column":64}},"97":{"start":{"line":98,"column":0},"end":{"line":98,"column":23}},"98":{"start":{"line":99,"column":0},"end":{"line":99,"column":31}},"99":{"start":{"line":100,"column":0},"end":{"line":100,"column":160}},"101":{"start":{"line":102,"column":0},"end":{"line":102,"column":27}},"102":{"start":{"line":103,"column":0},"end":{"line":103,"column":25}},"103":{"start":{"line":104,"column":0},"end":{"line":104,"column":19}},"104":{"start":{"line":105,"column":0},"end":{"line":105,"column":20}},"105":{"start":{"line":106,"column":0},"end":{"line":106,"column":18}},"107":{"start":{"line":108,"column":0},"end":{"line":108,"column":39}},"108":{"start":{"line":109,"column":0},"end":{"line":109,"column":61}},"109":{"start":{"line":110,"column":0},"end":{"line":110,"column":86}},"110":{"start":{"line":111,"column":0},"end":{"line":111,"column":35}},"111":{"start":{"line":112,"column":0},"end":{"line":112,"column":18}},"112":{"start":{"line":113,"column":0},"end":{"line":113,"column":18}},"114":{"start":{"line":115,"column":0},"end":{"line":115,"column":121}},"115":{"start":{"line":116,"column":0},"end":{"line":116,"column":41}},"116":{"start":{"line":117,"column":0},"end":{"line":117,"column":99}},"117":{"start":{"line":118,"column":0},"end":{"line":118,"column":54}},"119":{"start":{"line":120,"column":0},"end":{"line":120,"column":22}},"120":{"start":{"line":121,"column":0},"end":{"line":121,"column":70}},"121":{"start":{"line":122,"column":0},"end":{"line":122,"column":20}},"122":{"start":{"line":123,"column":0},"end":{"line":123,"column":41}},"123":{"start":{"line":124,"column":0},"end":{"line":124,"column":99}},"124":{"start":{"line":125,"column":0},"end":{"line":125,"column":49}},"126":{"start":{"line":127,"column":0},"end":{"line":127,"column":22}},"127":{"start":{"line":128,"column":0},"end":{"line":128,"column":68}},"128":{"start":{"line":129,"column":0},"end":{"line":129,"column":20}},"129":{"start":{"line":130,"column":0},"end":{"line":130,"column":41}},"130":{"start":{"line":131,"column":0},"end":{"line":131,"column":99}},"131":{"start":{"line":132,"column":0},"end":{"line":132,"column":47}},"133":{"start":{"line":134,"column":0},"end":{"line":134,"column":22}},"134":{"start":{"line":135,"column":0},"end":{"line":135,"column":68}},"135":{"start":{"line":136,"column":0},"end":{"line":136,"column":20}},"136":{"start":{"line":137,"column":0},"end":{"line":137,"column":18}},"138":{"start":{"line":139,"column":0},"end":{"line":139,"column":46}},"139":{"start":{"line":140,"column":0},"end":{"line":140,"column":52}},"140":{"start":{"line":141,"column":0},"end":{"line":141,"column":79}},"141":{"start":{"line":142,"column":0},"end":{"line":142,"column":51}},"142":{"start":{"line":143,"column":0},"end":{"line":143,"column":58}},"143":{"start":{"line":144,"column":0},"end":{"line":144,"column":70}},"144":{"start":{"line":145,"column":0},"end":{"line":145,"column":25}},"145":{"start":{"line":146,"column":0},"end":{"line":146,"column":69}},"146":{"start":{"line":147,"column":0},"end":{"line":147,"column":62}},"147":{"start":{"line":148,"column":0},"end":{"line":148,"column":45}},"148":{"start":{"line":149,"column":0},"end":{"line":149,"column":29}},"149":{"start":{"line":150,"column":0},"end":{"line":150,"column":26}},"150":{"start":{"line":151,"column":0},"end":{"line":151,"column":24}},"152":{"start":{"line":153,"column":0},"end":{"line":153,"column":54}},"153":{"start":{"line":154,"column":0},"end":{"line":154,"column":58}},"154":{"start":{"line":155,"column":0},"end":{"line":155,"column":145}},"156":{"start":{"line":157,"column":0},"end":{"line":157,"column":26}},"157":{"start":{"line":158,"column":0},"end":{"line":158,"column":25}},"158":{"start":{"line":159,"column":0},"end":{"line":159,"column":73}},"159":{"start":{"line":160,"column":0},"end":{"line":160,"column":62}},"160":{"start":{"line":161,"column":0},"end":{"line":161,"column":48}},"161":{"start":{"line":162,"column":0},"end":{"line":162,"column":29}},"162":{"start":{"line":163,"column":0},"end":{"line":163,"column":26}},"163":{"start":{"line":164,"column":0},"end":{"line":164,"column":24}},"165":{"start":{"line":166,"column":0},"end":{"line":166,"column":20}},"167":{"start":{"line":168,"column":0},"end":{"line":168,"column":16}},"168":{"start":{"line":169,"column":0},"end":{"line":169,"column":14}},"169":{"start":{"line":170,"column":0},"end":{"line":170,"column":12}},"170":{"start":{"line":171,"column":0},"end":{"line":171,"column":10}},"172":{"start":{"line":173,"column":0},"end":{"line":173,"column":2}},"174":{"start":{"line":175,"column":0},"end":{"line":175,"column":38}}},"s":{"0":1,"1":1,"11":1,"12":1,"13":1,"15":1,"16":9,"17":9,"19":9,"20":9,"22":3,"23":3,"24":3,"25":3,"26":3,"27":3,"28":3,"30":3,"32":3,"34":3,"35":3,"36":3,"37":3,"38":3,"39":3,"40":3,"41":3,"42":3,"44":0,"45":0,"46":0,"48":9,"50":9,"51":9,"52":9,"53":9,"54":9,"55":9,"56":9,"57":9,"58":9,"59":9,"60":9,"61":9,"62":9,"63":9,"64":9,"65":9,"66":9,"67":9,"68":9,"69":9,"70":9,"72":9,"73":9,"74":9,"75":9,"76":9,"78":9,"79":9,"80":9,"81":9,"82":9,"83":9,"84":9,"85":9,"86":9,"87":9,"88":9,"89":9,"90":9,"91":9,"92":9,"93":9,"95":9,"96":9,"97":9,"98":9,"99":9,"101":9,"102":9,"103":9,"104":9,"105":9,"107":9,"108":9,"109":9,"110":9,"111":9,"112":9,"114":9,"115":9,"116":9,"117":9,"119":9,"120":9,"121":9,"122":9,"123":9,"124":9,"126":9,"127":9,"128":9,"129":9,"130":9,"131":9,"133":9,"134":9,"135":9,"136":9,"138":9,"139":0,"140":3,"141":3,"142":3,"143":3,"144":3,"145":3,"146":3,"147":3,"148":3,"149":3,"150":3,"152":3,"153":3,"154":3,"156":3,"157":3,"158":3,"159":3,"160":3,"161":3,"162":3,"163":3,"165":3,"167":9,"168":9,"169":9,"170":9,"172":9,"174":1},"branchMap":{"0":{"type":"branch","line":16,"loc":{"start":{"line":16,"column":31},"end":{"line":173,"column":2}},"locations":[{"start":{"line":16,"column":31},"end":{"line":173,"column":2}}]},"1":{"type":"branch","line":20,"loc":{"start":{"line":20,"column":23},"end":{"line":20,"column":54}},"locations":[{"start":{"line":20,"column":23},"end":{"line":20,"column":54}}]},"2":{"type":"branch","line":20,"loc":{"start":{"line":20,"column":51},"end":{"line":21,"column":28}},"locations":[{"start":{"line":20,"column":51},"end":{"line":21,"column":28}}]},"3":{"type":"branch","line":21,"loc":{"start":{"line":21,"column":21},"end":{"line":43,"column":18}},"locations":[{"start":{"line":21,"column":21},"end":{"line":43,"column":18}}]},"4":{"type":"branch","line":43,"loc":{"start":{"line":43,"column":16},"end":{"line":47,"column":22}},"locations":[{"start":{"line":43,"column":16},"end":{"line":47,"column":22}}]},"5":{"type":"branch","line":139,"loc":{"start":{"line":139,"column":38},"end":{"line":140,"column":52}},"locations":[{"start":{"line":139,"column":38},"end":{"line":140,"column":52}}]},"6":{"type":"branch","line":140,"loc":{"start":{"line":140,"column":41},"end":{"line":166,"column":20}},"locations":[{"start":{"line":140,"column":41},"end":{"line":166,"column":20}}]},"7":{"type":"branch","line":97,"loc":{"start":{"line":97,"column":52},"end":{"line":103,"column":25}},"locations":[{"start":{"line":97,"column":52},"end":{"line":103,"column":25}}]}},"b":{"0":[9],"1":[3],"2":[6],"3":[3],"4":[0],"5":[0],"6":[3],"7":[9]},"fnMap":{"0":{"name":"MovieDetailPageContent","decl":{"start":{"line":16,"column":31},"end":{"line":173,"column":2}},"loc":{"start":{"line":16,"column":31},"end":{"line":173,"column":2}},"line":16}},"f":{"0":9}}
,"/Users/felixfernando/Developer/Projects/omdb/src/components/pages/MovieDetailPage/useMovieDetailPageImpl.ts": {"path":"/Users/felixfernando/Developer/Projects/omdb/src/components/pages/MovieDetailPage/useMovieDetailPageImpl.ts","all":false,"statementMap":{"0":{"start":{"line":1,"column":0},"end":{"line":1,"column":47}},"1":{"start":{"line":2,"column":0},"end":{"line":2,"column":56}},"2":{"start":{"line":3,"column":0},"end":{"line":3,"column":72}},"3":{"start":{"line":4,"column":0},"end":{"line":4,"column":63}},"4":{"start":{"line":5,"column":0},"end":{"line":5,"column":33}},"6":{"start":{"line":7,"column":0},"end":{"line":7,"column":45}},"7":{"start":{"line":8,"column":0},"end":{"line":8,"column":28}},"8":{"start":{"line":9,"column":0},"end":{"line":9,"column":32}},"10":{"start":{"line":11,"column":0},"end":{"line":11,"column":39}},"11":{"start":{"line":12,"column":0},"end":{"line":12,"column":35}},"12":{"start":{"line":13,"column":0},"end":{"line":13,"column":83}},"14":{"start":{"line":15,"column":0},"end":{"line":15,"column":19}},"15":{"start":{"line":16,"column":0},"end":{"line":16,"column":27}},"17":{"start":{"line":18,"column":0},"end":{"line":18,"column":18}},"18":{"start":{"line":19,"column":0},"end":{"line":19,"column":46}},"19":{"start":{"line":20,"column":0},"end":{"line":20,"column":5}},"20":{"start":{"line":21,"column":0},"end":{"line":21,"column":15}},"22":{"start":{"line":23,"column":0},"end":{"line":23,"column":30}},"23":{"start":{"line":24,"column":0},"end":{"line":24,"column":37}},"24":{"start":{"line":25,"column":0},"end":{"line":25,"column":27}},"25":{"start":{"line":26,"column":0},"end":{"line":26,"column":12}},"26":{"start":{"line":27,"column":0},"end":{"line":27,"column":16}},"27":{"start":{"line":28,"column":0},"end":{"line":28,"column":15}},"28":{"start":{"line":29,"column":0},"end":{"line":29,"column":8}},"29":{"start":{"line":30,"column":0},"end":{"line":30,"column":5}},"30":{"start":{"line":31,"column":0},"end":{"line":31,"column":3}},"32":{"start":{"line":33,"column":0},"end":{"line":33,"column":10}},"33":{"start":{"line":34,"column":0},"end":{"line":34,"column":17}},"34":{"start":{"line":35,"column":0},"end":{"line":35,"column":20}},"35":{"start":{"line":36,"column":0},"end":{"line":36,"column":16}},"36":{"start":{"line":37,"column":0},"end":{"line":37,"column":3}},"37":{"start":{"line":38,"column":0},"end":{"line":38,"column":1}}},"s":{"0":1,"1":1,"2":1,"3":1,"4":1,"6":1,"7":9,"8":9,"10":9,"11":9,"12":9,"14":9,"15":3,"17":3,"18":3,"19":3,"20":9,"22":9,"23":1,"24":1,"25":1,"26":0,"27":0,"28":0,"29":0,"30":1,"32":9,"33":9,"34":9,"35":9,"36":9,"37":9},"branchMap":{"0":{"type":"branch","line":7,"loc":{"start":{"line":7,"column":38},"end":{"line":38,"column":1}},"locations":[{"start":{"line":7,"column":38},"end":{"line":38,"column":1}}]},"1":{"type":"branch","line":13,"loc":{"start":{"line":13,"column":59},"end":{"line":13,"column":82}},"locations":[{"start":{"line":13,"column":59},"end":{"line":13,"column":82}}]},"2":{"type":"branch","line":15,"loc":{"start":{"line":15,"column":12},"end":{"line":21,"column":5}},"locations":[{"start":{"line":15,"column":12},"end":{"line":21,"column":5}}]},"3":{"type":"branch","line":23,"loc":{"start":{"line":23,"column":23},"end":{"line":31,"column":3}},"locations":[{"start":{"line":23,"column":23},"end":{"line":31,"column":3}}]},"4":{"type":"branch","line":26,"loc":{"start":{"line":26,"column":4},"end":{"line":30,"column":5}},"locations":[{"start":{"line":26,"column":4},"end":{"line":30,"column":5}}]}},"b":{"0":[9],"1":[20],"2":[3],"3":[1],"4":[0]},"fnMap":{"0":{"name":"useMovieDetailPageImpl","decl":{"start":{"line":7,"column":38},"end":{"line":38,"column":1}},"loc":{"start":{"line":7,"column":38},"end":{"line":38,"column":1}},"line":7},"1":{"name":"handleGoBack","decl":{"start":{"line":23,"column":23},"end":{"line":31,"column":3}},"loc":{"start":{"line":23,"column":23},"end":{"line":31,"column":3}},"line":23}},"f":{"0":9,"1":1}}
,"/Users/felixfernando/Developer/Projects/omdb/src/components/pages/MovieDetailPage/components/MovieDetailSkeleton.tsx": {"path":"/Users/felixfernando/Developer/Projects/omdb/src/components/pages/MovieDetailPage/components/MovieDetailSkeleton.tsx","all":false,"statementMap":{"0":{"start":{"line":1,"column":0},"end":{"line":1,"column":52}},"2":{"start":{"line":3,"column":0},"end":{"line":3,"column":35}},"3":{"start":{"line":4,"column":0},"end":{"line":4,"column":10}},"4":{"start":{"line":5,"column":0},"end":{"line":5,"column":62}},"5":{"start":{"line":6,"column":0},"end":{"line":6,"column":45}},"7":{"start":{"line":8,"column":0},"end":{"line":8,"column":96}},"8":{"start":{"line":9,"column":0},"end":{"line":9,"column":35}},"9":{"start":{"line":10,"column":0},"end":{"line":10,"column":63}},"10":{"start":{"line":11,"column":0},"end":{"line":11,"column":14}},"12":{"start":{"line":13,"column":0},"end":{"line":13,"column":35}},"13":{"start":{"line":14,"column":0},"end":{"line":14,"column":37}},"14":{"start":{"line":15,"column":0},"end":{"line":15,"column":47}},"15":{"start":{"line":16,"column":0},"end":{"line":16,"column":40}},"16":{"start":{"line":17,"column":0},"end":{"line":17,"column":47}},"17":{"start":{"line":18,"column":0},"end":{"line":18,"column":47}},"18":{"start":{"line":19,"column":0},"end":{"line":19,"column":47}},"19":{"start":{"line":20,"column":0},"end":{"line":20,"column":18}},"20":{"start":{"line":21,"column":0},"end":{"line":21,"column":16}},"22":{"start":{"line":23,"column":0},"end":{"line":23,"column":38}},"23":{"start":{"line":24,"column":0},"end":{"line":24,"column":46}},"24":{"start":{"line":25,"column":0},"end":{"line":25,"column":46}},"25":{"start":{"line":26,"column":0},"end":{"line":26,"column":46}},"26":{"start":{"line":27,"column":0},"end":{"line":27,"column":16}},"28":{"start":{"line":29,"column":0},"end":{"line":29,"column":37}},"29":{"start":{"line":30,"column":0},"end":{"line":30,"column":47}},"30":{"start":{"line":31,"column":0},"end":{"line":31,"column":47}},"31":{"start":{"line":32,"column":0},"end":{"line":32,"column":46}},"32":{"start":{"line":33,"column":0},"end":{"line":33,"column":16}},"34":{"start":{"line":35,"column":0},"end":{"line":35,"column":70}},"35":{"start":{"line":36,"column":0},"end":{"line":36,"column":39}},"36":{"start":{"line":37,"column":0},"end":{"line":37,"column":47}},"37":{"start":{"line":38,"column":0},"end":{"line":38,"column":47}},"38":{"start":{"line":39,"column":0},"end":{"line":39,"column":18}},"39":{"start":{"line":40,"column":0},"end":{"line":40,"column":39}},"40":{"start":{"line":41,"column":0},"end":{"line":41,"column":47}},"41":{"start":{"line":42,"column":0},"end":{"line":42,"column":47}},"42":{"start":{"line":43,"column":0},"end":{"line":43,"column":18}},"43":{"start":{"line":44,"column":0},"end":{"line":44,"column":39}},"44":{"start":{"line":45,"column":0},"end":{"line":45,"column":47}},"45":{"start":{"line":46,"column":0},"end":{"line":46,"column":47}},"46":{"start":{"line":47,"column":0},"end":{"line":47,"column":18}},"47":{"start":{"line":48,"column":0},"end":{"line":48,"column":16}},"48":{"start":{"line":49,"column":0},"end":{"line":49,"column":14}},"49":{"start":{"line":50,"column":0},"end":{"line":50,"column":12}},"50":{"start":{"line":51,"column":0},"end":{"line":51,"column":10}},"52":{"start":{"line":53,"column":0},"end":{"line":53,"column":2}},"54":{"start":{"line":55,"column":0},"end":{"line":55,"column":35}}},"s":{"0":1,"2":1,"3":3,"4":3,"5":3,"7":3,"8":3,"9":3,"10":3,"12":3,"13":3,"14":3,"15":3,"16":3,"17":3,"18":3,"19":3,"20":3,"22":3,"23":3,"24":3,"25":3,"26":3,"28":3,"29":3,"30":3,"31":3,"32":3,"34":3,"35":3,"36":3,"37":3,"38":3,"39":3,"40":3,"41":3,"42":3,"43":3,"44":3,"45":3,"46":3,"47":3,"48":3,"49":3,"50":3,"52":3,"54":1},"branchMap":{"0":{"type":"branch","line":3,"loc":{"start":{"line":3,"column":28},"end":{"line":53,"column":2}},"locations":[{"start":{"line":3,"column":28},"end":{"line":53,"column":2}}]}},"b":{"0":[3]},"fnMap":{"0":{"name":"MovieDetailSkeleton","decl":{"start":{"line":3,"column":28},"end":{"line":53,"column":2}},"loc":{"start":{"line":3,"column":28},"end":{"line":53,"column":2}},"line":3}},"f":{"0":3}}
,"/Users/felixfernando/Developer/Projects/omdb/src/components/pages/MovieDetailPage/components/MovieNotFound.tsx": {"path":"/Users/felixfernando/Developer/Projects/omdb/src/components/pages/MovieDetailPage/components/MovieNotFound.tsx","all":false,"statementMap":{"0":{"start":{"line":1,"column":0},"end":{"line":1,"column":48}},"2":{"start":{"line":3,"column":0},"end":{"line":3,"column":75}},"3":{"start":{"line":4,"column":0},"end":{"line":4,"column":10}},"4":{"start":{"line":5,"column":0},"end":{"line":5,"column":78}},"5":{"start":{"line":6,"column":0},"end":{"line":6,"column":61}},"6":{"start":{"line":7,"column":0},"end":{"line":7,"column":53}},"7":{"start":{"line":8,"column":0},"end":{"line":8,"column":10}},"9":{"start":{"line":10,"column":0},"end":{"line":10,"column":2}},"11":{"start":{"line":12,"column":0},"end":{"line":12,"column":29}}},"s":{"0":1,"2":1,"3":3,"4":3,"5":3,"6":3,"7":3,"9":3,"11":1},"branchMap":{"0":{"type":"branch","line":3,"loc":{"start":{"line":3,"column":22},"end":{"line":10,"column":2}},"locations":[{"start":{"line":3,"column":22},"end":{"line":10,"column":2}}]}},"b":{"0":[3]},"fnMap":{"0":{"name":"MovieNotFound","decl":{"start":{"line":3,"column":22},"end":{"line":10,"column":2}},"loc":{"start":{"line":3,"column":22},"end":{"line":10,"column":2}},"line":3}},"f":{"0":3}}
,"/Users/felixfernando/Developer/Projects/omdb/src/components/ui/button.tsx": {"path":"/Users/felixfernando/Developer/Projects/omdb/src/components/ui/button.tsx","all":false,"statementMap":{"0":{"start":{"line":1,"column":0},"end":{"line":1,"column":44}},"1":{"start":{"line":2,"column":0},"end":{"line":2,"column":66}},"2":{"start":{"line":3,"column":0},"end":{"line":3,"column":31}},"4":{"start":{"line":5,"column":0},"end":{"line":5,"column":33}},"6":{"start":{"line":7,"column":0},"end":{"line":7,"column":27}},"7":{"start":{"line":8,"column":0},"end":{"line":8,"column":463}},"8":{"start":{"line":9,"column":0},"end":{"line":9,"column":3}},"9":{"start":{"line":10,"column":0},"end":{"line":10,"column":15}},"10":{"start":{"line":11,"column":0},"end":{"line":11,"column":16}},"11":{"start":{"line":12,"column":0},"end":{"line":12,"column":74}},"12":{"start":{"line":13,"column":0},"end":{"line":13,"column":20}},"13":{"start":{"line":14,"column":0},"end":{"line":14,"column":158}},"14":{"start":{"line":15,"column":0},"end":{"line":15,"column":16}},"15":{"start":{"line":16,"column":0},"end":{"line":16,"column":146}},"16":{"start":{"line":17,"column":0},"end":{"line":17,"column":18}},"17":{"start":{"line":18,"column":0},"end":{"line":18,"column":73}},"18":{"start":{"line":19,"column":0},"end":{"line":19,"column":14}},"19":{"start":{"line":20,"column":0},"end":{"line":20,"column":81}},"20":{"start":{"line":21,"column":0},"end":{"line":21,"column":64}},"21":{"start":{"line":22,"column":0},"end":{"line":22,"column":8}},"22":{"start":{"line":23,"column":0},"end":{"line":23,"column":13}},"23":{"start":{"line":24,"column":0},"end":{"line":24,"column":49}},"24":{"start":{"line":25,"column":0},"end":{"line":25,"column":60}},"25":{"start":{"line":26,"column":0},"end":{"line":26,"column":51}},"26":{"start":{"line":27,"column":0},"end":{"line":27,"column":23}},"27":{"start":{"line":28,"column":0},"end":{"line":28,"column":28}},"28":{"start":{"line":29,"column":0},"end":{"line":29,"column":29}},"29":{"start":{"line":30,"column":0},"end":{"line":30,"column":8}},"30":{"start":{"line":31,"column":0},"end":{"line":31,"column":6}},"31":{"start":{"line":32,"column":0},"end":{"line":32,"column":22}},"32":{"start":{"line":33,"column":0},"end":{"line":33,"column":25}},"33":{"start":{"line":34,"column":0},"end":{"line":34,"column":22}},"34":{"start":{"line":35,"column":0},"end":{"line":35,"column":6}},"35":{"start":{"line":36,"column":0},"end":{"line":36,"column":3}},"36":{"start":{"line":37,"column":0},"end":{"line":37,"column":2}},"38":{"start":{"line":39,"column":0},"end":{"line":39,"column":17}},"39":{"start":{"line":40,"column":0},"end":{"line":40,"column":12}},"40":{"start":{"line":41,"column":0},"end":{"line":41,"column":10}},"41":{"start":{"line":42,"column":0},"end":{"line":42,"column":7}},"42":{"start":{"line":43,"column":0},"end":{"line":43,"column":18}},"43":{"start":{"line":44,"column":0},"end":{"line":44,"column":10}},"44":{"start":{"line":45,"column":0},"end":{"line":45,"column":35}},"47":{"start":{"line":48,"column":0},"end":{"line":48,"column":6}},"48":{"start":{"line":49,"column":0},"end":{"line":49,"column":41}},"50":{"start":{"line":51,"column":0},"end":{"line":51,"column":10}},"51":{"start":{"line":52,"column":0},"end":{"line":52,"column":9}},"52":{"start":{"line":53,"column":0},"end":{"line":53,"column":24}},"53":{"start":{"line":54,"column":0},"end":{"line":54,"column":66}},"54":{"start":{"line":55,"column":0},"end":{"line":55,"column":16}},"55":{"start":{"line":56,"column":0},"end":{"line":56,"column":6}},"57":{"start":{"line":58,"column":0},"end":{"line":58,"column":1}}},"s":{"0":1,"1":1,"2":1,"4":1,"6":1,"7":1,"8":1,"9":1,"10":1,"11":1,"12":1,"13":1,"14":1,"15":1,"16":1,"17":1,"18":1,"19":1,"20":1,"21":1,"22":1,"23":1,"24":1,"25":1,"26":1,"27":1,"28":1,"29":1,"30":1,"31":1,"32":1,"33":1,"34":1,"35":1,"36":1,"38":7,"39":7,"40":7,"41":7,"42":7,"43":7,"44":7,"47":7,"48":7,"50":7,"51":7,"52":7,"53":7,"54":7,"55":7,"57":7},"branchMap":{"0":{"type":"branch","line":39,"loc":{"start":{"line":39,"column":0},"end":{"line":58,"column":1}},"locations":[{"start":{"line":39,"column":0},"end":{"line":58,"column":1}}]},"1":{"type":"branch","line":49,"loc":{"start":{"line":49,"column":15},"end":{"line":49,"column":32}},"locations":[{"start":{"line":49,"column":15},"end":{"line":49,"column":32}}]}},"b":{"0":[7],"1":[0]},"fnMap":{"0":{"name":"Button","decl":{"start":{"line":39,"column":0},"end":{"line":58,"column":1}},"loc":{"start":{"line":39,"column":0},"end":{"line":58,"column":1}},"line":39}},"f":{"0":7}}
,"/Users/felixfernando/Developer/Projects/omdb/src/components/ui/dialog.tsx": {"path":"/Users/felixfernando/Developer/Projects/omdb/src/components/ui/dialog.tsx","all":false,"statementMap":{"0":{"start":{"line":1,"column":0},"end":{"line":1,"column":30}},"1":{"start":{"line":2,"column":0},"end":{"line":2,"column":57}},"2":{"start":{"line":3,"column":0},"end":{"line":3,"column":36}},"4":{"start":{"line":5,"column":0},"end":{"line":5,"column":32}},"6":{"start":{"line":7,"column":0},"end":{"line":7,"column":17}},"7":{"start":{"line":8,"column":0},"end":{"line":8,"column":10}},"8":{"start":{"line":9,"column":0},"end":{"line":9,"column":55}},"9":{"start":{"line":10,"column":0},"end":{"line":10,"column":63}},"10":{"start":{"line":11,"column":0},"end":{"line":11,"column":1}},"12":{"start":{"line":13,"column":0},"end":{"line":13,"column":24}},"13":{"start":{"line":14,"column":0},"end":{"line":14,"column":10}},"14":{"start":{"line":15,"column":0},"end":{"line":15,"column":58}},"15":{"start":{"line":16,"column":0},"end":{"line":16,"column":74}},"16":{"start":{"line":17,"column":0},"end":{"line":17,"column":1}},"18":{"start":{"line":19,"column":0},"end":{"line":19,"column":23}},"19":{"start":{"line":20,"column":0},"end":{"line":20,"column":10}},"20":{"start":{"line":21,"column":0},"end":{"line":21,"column":57}},"21":{"start":{"line":22,"column":0},"end":{"line":22,"column":72}},"22":{"start":{"line":23,"column":0},"end":{"line":23,"column":1}},"24":{"start":{"line":25,"column":0},"end":{"line":25,"column":22}},"25":{"start":{"line":26,"column":0},"end":{"line":26,"column":10}},"26":{"start":{"line":27,"column":0},"end":{"line":27,"column":56}},"27":{"start":{"line":28,"column":0},"end":{"line":28,"column":70}},"28":{"start":{"line":29,"column":0},"end":{"line":29,"column":1}},"30":{"start":{"line":31,"column":0},"end":{"line":31,"column":24}},"31":{"start":{"line":32,"column":0},"end":{"line":32,"column":12}},"32":{"start":{"line":33,"column":0},"end":{"line":33,"column":10}},"33":{"start":{"line":34,"column":0},"end":{"line":34,"column":58}},"34":{"start":{"line":35,"column":0},"end":{"line":35,"column":10}},"35":{"start":{"line":36,"column":0},"end":{"line":36,"column":28}},"36":{"start":{"line":37,"column":0},"end":{"line":37,"column":32}},"37":{"start":{"line":38,"column":0},"end":{"line":38,"column":20}},"38":{"start":{"line":39,"column":0},"end":{"line":39,"column":161}},"39":{"start":{"line":40,"column":0},"end":{"line":40,"column":17}},"40":{"start":{"line":41,"column":0},"end":{"line":41,"column":8}},"41":{"start":{"line":42,"column":0},"end":{"line":42,"column":16}},"42":{"start":{"line":43,"column":0},"end":{"line":43,"column":6}},"44":{"start":{"line":45,"column":0},"end":{"line":45,"column":1}},"46":{"start":{"line":47,"column":0},"end":{"line":47,"column":24}},"47":{"start":{"line":48,"column":0},"end":{"line":48,"column":12}},"48":{"start":{"line":49,"column":0},"end":{"line":49,"column":11}},"49":{"start":{"line":50,"column":0},"end":{"line":50,"column":25}},"50":{"start":{"line":51,"column":0},"end":{"line":51,"column":10}},"51":{"start":{"line":52,"column":0},"end":{"line":52,"column":59}},"53":{"start":{"line":54,"column":0},"end":{"line":54,"column":4}},"54":{"start":{"line":55,"column":0},"end":{"line":55,"column":10}},"55":{"start":{"line":56,"column":0},"end":{"line":56,"column":44}},"56":{"start":{"line":57,"column":0},"end":{"line":57,"column":23}},"57":{"start":{"line":58,"column":0},"end":{"line":58,"column":30}},"58":{"start":{"line":59,"column":0},"end":{"line":59,"column":34}},"59":{"start":{"line":60,"column":0},"end":{"line":60,"column":22}},"60":{"start":{"line":61,"column":0},"end":{"line":61,"column":376}},"61":{"start":{"line":62,"column":0},"end":{"line":62,"column":19}},"62":{"start":{"line":63,"column":0},"end":{"line":63,"column":10}},"63":{"start":{"line":64,"column":0},"end":{"line":64,"column":18}},"65":{"start":{"line":66,"column":0},"end":{"line":66,"column":18}},"66":{"start":{"line":67,"column":0},"end":{"line":67,"column":29}},"67":{"start":{"line":68,"column":0},"end":{"line":68,"column":32}},"68":{"st
[...]
,"/Users/felixfernando/Developer/Projects/omdb/src/service/index.ts": {"path":"/Users/felixfernando/Developer/Projects/omdb/src/service/index.ts","all":true,"statementMap":{"0":{"start":{"line":1,"column":0},"end":{"line":1,"column":23}}},"s":{"0":0},"branchMap":{"0":{"type":"branch","line":1,"loc":{"start":{"line":1,"column":0},"end":{"line":1,"column":23}},"locations":[{"start":{"line":1,"column":0},"end":{"line":1,"column":23}}]}},"b":{"0":[0]},"fnMap":{"0":{"name":"(empty-report)","decl":{"start":{"line":1,"column":0},"end":{"line":1,"column":23}},"loc":{"start":{"line":1,"column":0},"end":{"line":1,"column":23}},"line":1}},"f":{"0":0}}
,"/Users/felixfernando/Developer/Projects/omdb/src/service/omdb.ts": {"path":"/Users/felixfernando/Developer/Projects/omdb/src/service/omdb.ts","all":false,"statementMap":{"0":{"start":{"line":1,"column":0},"end":{"line":1,"column":30}},"3":{"start":{"line":4,"column":0},"end":{"line":4,"column":28}},"4":{"start":{"line":5,"column":0},"end":{"line":5,"column":43}},"5":{"start":{"line":6,"column":0},"end":{"line":6,"column":35}},"6":{"start":{"line":7,"column":0},"end":{"line":7,"column":4}},"7":{"start":{"line":8,"column":0},"end":{"line":8,"column":52}},"8":{"start":{"line":9,"column":0},"end":{"line":9,"column":35}},"9":{"start":{"line":10,"column":0},"end":{"line":10,"column":4}},"11":{"start":{"line":12,"column":0},"end":{"line":12,"column":1}}},"s":{"0":1,"3":1,"4":1,"5":3,"6":3,"7":1,"8":3,"9":3,"11":1},"branchMap":{"0":{"type":"branch","line":5,"loc":{"start":{"line":5,"column":10},"end":{"line":7,"column":4}},"locations":[{"start":{"line":5,"column":10},"end":{"line":7,"column":4}}]},"1":{"type":"branch","line":8,"loc":{"start":{"line":8,"column":17},"end":{"line":10,"column":4}},"locations":[{"start":{"line":8,"column":17},"end":{"line":10,"column":4}}]}},"b":{"0":[3],"1":[3]},"fnMap":{"0":{"name":"search","decl":{"start":{"line":5,"column":10},"end":{"line":7,"column":4}},"loc":{"start":{"line":5,"column":10},"end":{"line":7,"column":4}},"line":5},"1":{"name":"searchByTitle","decl":{"start":{"line":8,"column":17},"end":{"line":10,"column":4}},"loc":{"start":{"line":8,"column":17},"end":{"line":10,"column":4}},"line":8}},"f":{"0":3,"1":3}}
,"/Users/felixfernando/Developer/Projects/omdb/src/store/hooks.ts": {"path":"/Users/felixfernando/Developer/Projects/omdb/src/store/hooks.ts","all":false,"statementMap":{"0":{"start":{"line":1,"column":0},"end":{"line":1,"column":55}},"3":{"start":{"line":4,"column":0},"end":{"line":4,"column":67}},"4":{"start":{"line":5,"column":0},"end":{"line":5,"column":65}}},"s":{"0":1,"3":1,"4":1},"branchMap":{},"b":{},"fnMap":{},"f":{}}
,"/Users/felixfernando/Developer/Projects/omdb/src/store/index.ts": {"path":"/Users/felixfernando/Developer/Projects/omdb/src/store/index.ts","all":false,"statementMap":{"0":{"start":{"line":1,"column":0},"end":{"line":1,"column":24}},"1":{"start":{"line":2,"column":0},"end":{"line":2,"column":25}},"2":{"start":{"line":3,"column":0},"end":{"line":3,"column":24}}},"s":{"0":1,"1":1,"2":1},"branchMap":{},"b":{},"fnMap":{},"f":{}}
,"/Users/felixfernando/Developer/Projects/omdb/src/store/store.ts": {"path":"/Users/felixfernando/Developer/Projects/omdb/src/store/store.ts","all":false,"statementMap":{"0":{"start":{"line":1,"column":0},"end":{"line":1,"column":50}},"1":{"start":{"line":2,"column":0},"end":{"line":2,"column":49}},"3":{"start":{"line":4,"column":0},"end":{"line":4,"column":37}},"4":{"start":{"line":5,"column":0},"end":{"line":5,"column":12}},"5":{"start":{"line":6,"column":0},"end":{"line":6,"column":26}},"6":{"start":{"line":7,"column":0},"end":{"line":7,"column":4}},"7":{"start":{"line":8,"column":0},"end":{"line":8,"column":3}}},"s":{"0":1,"1":1,"3":1,"4":1,"5":1,"6":1,"7":1},"branchMap":{},"b":{},"fnMap":{},"f":{}}
,"/Users/felixfernando/Developer/Projects/omdb/src/store/slices/index.ts": {"path":"/Users/felixfernando/Developer/Projects/omdb/src/store/slices/index.ts","all":false,"statementMap":{"0":{"start":{"line":1,"column":0},"end":{"line":1,"column":54}}},"s":{"0":1},"branchMap":{},"b":{},"fnMap":{},"f":{}}
,"/Users/felixfernando/Developer/Projects/omdb/src/store/slices/moviesSlice.ts": {"path":"/Users/felixfernando/Developer/Projects/omdb/src/store/slices/moviesSlice.ts","all":false,"statementMap":{"0":{"start":{"line":1,"column":0},"end":{"line":1,"column":45}},"2":{"start":{"line":3,"column":0},"end":{"line":3,"column":65}},"17":{"start":{"line":18,"column":0},"end":{"line":18,"column":41}},"18":{"start":{"line":19,"column":0},"end":{"line":19,"column":21}},"19":{"start":{"line":20,"column":0},"end":{"line":20,"column":20}},"20":{"start":{"line":21,"column":0},"end":{"line":21,"column":18}},"21":{"start":{"line":22,"column":0},"end":{"line":22,"column":17}},"22":{"start":{"line":23,"column":0},"end":{"line":23,"column":21}},"23":{"start":{"line":24,"column":0},"end":{"line":24,"column":23}},"24":{"start":{"line":25,"column":0},"end":{"line":25,"column":20}},"25":{"start":{"line":26,"column":0},"end":{"line":26,"column":16}},"26":{"start":{"line":27,"column":0},"end":{"line":27,"column":25}},"27":{"start":{"line":28,"column":0},"end":{"line":28,"column":20}},"28":{"start":{"line":29,"column":0},"end":{"line":29,"column":2}},"30":{"start":{"line":31,"column":0},"end":{"line":31,"column":45}},"31":{"start":{"line":32,"column":0},"end":{"line":32,"column":18}},"32":{"start":{"line":33,"column":0},"end":{"line":33,"column":89}},"33":{"start":{"line":34,"column":0},"end":{"line":34,"column":9}},"34":{"start":{"line":35,"column":0},"end":{"line":35,"column":75}},"35":{"start":{"line":36,"column":0},"end":{"line":36,"column":90}},"36":{"start":{"line":37,"column":0},"end":{"line":37,"column":52}},"37":{"start":{"line":38,"column":0},"end":{"line":38,"column":26}},"38":{"start":{"line":39,"column":0},"end":{"line":39,"column":87}},"39":{"start":{"line":40,"column":0},"end":{"line":40,"column":5}},"40":{"start":{"line":41,"column":0},"end":{"line":41,"column":3}},"41":{"start":{"line":42,"column":0},"end":{"line":42,"column":2}},"43":{"start":{"line":44,"column":0},"end":{"line":44,"column":47}},"44":{"start":{"line":45,"column":0},"end":{"line":45,"column":20}},"45":{"start":{"line":46,"column":0},"end":{"line":46,"column":84}},"46":{"start":{"line":47,"column":0},"end":{"line":47,"column":9}},"47":{"start":{"line":48,"column":0},"end":{"line":48,"column":78}},"48":{"start":{"line":49,"column":0},"end":{"line":49,"column":90}},"49":{"start":{"line":50,"column":0},"end":{"line":50,"column":52}},"50":{"start":{"line":51,"column":0},"end":{"line":51,"column":26}},"51":{"start":{"line":52,"column":0},"end":{"line":52,"column":90}},"52":{"start":{"line":53,"column":0},"end":{"line":53,"column":5}},"53":{"start":{"line":54,"column":0},"end":{"line":54,"column":3}},"54":{"start":{"line":55,"column":0},"end":{"line":55,"column":2}},"56":{"start":{"line":57,"column":0},"end":{"line":57,"column":47}},"57":{"start":{"line":58,"column":0},"end":{"line":58,"column":21}},"58":{"start":{"line":59,"column":0},"end":{"line":59,"column":70}},"59":{"start":{"line":60,"column":0},"end":{"line":60,"column":9}},"60":{"start":{"line":61,"column":0},"end":{"line":61,"column":56}},"61":{"start":{"line":62,"column":0},"end":{"line":62,"column":18}},"62":{"start":{"line":63,"column":0},"end":{"line":63,"column":20}},"63":{"start":{"line":64,"column":0},"end":{"line":64,"column":9}},"64":{"start":{"line":65,"column":0},"end":{"line":65,"column":90}},"65":{"start":{"line":66,"column":0},"end":{"line":66,"column":53}},"66":{"start":{"line":67,"column":0},"end":{"line":67,"column":26}},"67":{"start":{"line":68,"column":0},"end":{"line":68,"column":92}},"68":{"start":{"line":69,"column":0},"end":{"line":69,"column":5}},"69":{"start":{"line":70,"column":0},"end":{"line":70,"column":3}},"70":{"start":{"line":71,"column":0},"end":{"line":71,"column":2}},"72":{"start":{"line":73,"column":0},"end":{"line":73,"column":33}},"73":{"start":{"line":74,"column":0},"end":{"line":74,"column":17}},"74":{"start":{"line":75,"column":0},"end":{"line":75,"column":15}},"75":{"start":{"line":76,"column":0},"end":{"line":76,"column":13}},"76":{"start":{"line":77,"column":0},"end":{"line":77,"column":29}},"77":{"start":{"line":78,"column":0},"end":{"line":78,"column":31}},"78":{"start":{"line":79,"column":0},"end":{"line":79,"column":29}},"79":{"start":{"line":80,"column":0},"end":{"line":80,"column":28}},"80":{"start":{"line":81,"column":0},"end":{"line":81,"column":31}},"81":{"start":{"line":82,"column":0},"end":{"line":82,"column":27}},"82":{"start":{"line":83,"column":0},"end":{"line":83,"column":6}},"83":{"start":{"line":84,"column":0},"end":{"line":84,"column":29}},"84":{"start":{"line":85,"column":0},"end":{"line":85,"column":32}},"85":{"start":{"line":86,"column":0},"end":{"line":86,"column":36}},"86":{"start":{"line":87,"column":0},"end":{"line":87,"column":31}},"87":{"start":{"line":88,"column":0},"end":{"line":88,"column":6}},"88":{"start":{"line":89,"column":0},"end":{"line":89,"column":4}},"89":{"start":{"line":90,"column":0},"end":{"line":90,"column":31}},"90":{"start":{"line":91,"column":0},"end":{"line":91,"column":11}},"91":{"start":{"line":92,"column":0},"end":{"line":92,"column":49}},"92":{"start":{"line":93,"column":0},"end":{"line":93,"column":33}},"93":{"start":{"line":94,"column":0},"end":{"line":94,"column":33}},"94":{"start":{"line":95,"column":0},"end":{"line":95,"column":33}},"95":{"start":{"line":96,"column":0},"end":{"line":96,"column":30}},"96":{"start":{"line":97,"column":0},"end":{"line":97,"column":29}},"97":{"start":{"line":98,"column":0},"end":{"line":98,"column":8}},"98":{"start":{"line":99,"column":0},"end":{"line":99,"column":59}},"99":{"start":{"line":100,"column":0},"end":{"line":100,"column":34}},"100":{"start":{"line":101,"column":0},"end":{"line":101,"column":49}},"101":{"start":{"line":102,"column":0},"end":{"line":102,"column":60}},"102":{"start":{"line":103,"column":0},"end":{"line":103,"column":74}},"103":{"start":{"line":104,"column":0},"end":{"line":104,"column":32}},"104":{"start":{"line":105,"column":0},"end":{"line":105,"column":74}},"105":{"start":{"line":106,"column":0},"end":{"line":106,"column":16}},"106":{"start":{"line":107,"column":0},"end":{"line":107,"column":51}},"107":{"start":{"line":108,"column":0},"end":{"line":108,"column":35}},"108":{"start":{"line":109,"column":0},"end":{"line":109,"column":33}},"109":{"start":{"line":110,"column":0},"end":{"line":110,"column":32}},"110":{"start":{"line":111,"column":0},"end":{"line":111,"column":9}},"111":{"start":{"line":112,"column":0},"end":{"line":112,"column":8}},"112":{"start":{"line":113,"column":0},"end":{"line":113,"column":58}},"113":{"start":{"line":114,"column":0},"end":{"line":114,"column":34}},"114":{"start":{"line":115,"column":0},"end":{"line":115,"column":82}},"115":{"start":{"line":116,"column":0},"end":{"line":116,"column":9}},"117":{"start":{"line":118,"column":0},"end":{"line":118,"column":11}},"118":{"start":{"line":119,"column":0},"end":{"line":119,"column":51}},"119":{"start":{"line":120,"column":0},"end":{"line":120,"column":35}},"120":{"start":{"line":121,"column":0},"end":{"line":121,"column":8}},"121":{"start":{"line":122,"column":0},"end":{"line":122,"column":61}},"122":{"start":{"line":123,"column":0},"end":{"line":123,"column":36}},"123":{"start":{"line":124,"column":0},"end":{"line":124,"column":49}},"124":{"start":{"line":125,"column":0},"end":{"line":125,"column":56}},"125":{"start":{"line":126,"column":0},"end":{"line":126,"column":71}},"126":{"start":{"line":127,"column":0},"end":{"line":127,"column":33}},"127":{"start":{"line":128,"column":0},"end":{"line":128,"column":74}},"128":{"start":{"line":129,"column":0},"end":{"line":129,"column":9}},"129":{"start":{"line":130,"column":0},"end":{"line":130,"column":8}},"130":{"start":{"line":131,"column":0},"end":{"line":131,"column":60}},"131":{"start":{"line":132,"column":0},"end":{"line":132,"column":36}},"132":{"start":{"line":133,"column":0},"end":{"line":133,"column":85}},"133":{"start":{"line":134,"column":0},"end":{"line":134,"column":9}},"135":{"start":{"line":136,"column":0},"end":{"line":136,"column":11}},"136":{"start":{"line":137,"column":0},"end":{"line":137,"column":51}},"137":{"start":{"line":138,"column":0},"end":{"line":138,"column":37}},"138":{"start":{"line":139,"column":0},"end":{"line":139,"column":33}},"139":{"start":{"line":140,"column":0},"end":{"line":140,"column":8}},"140":{"start":{"line":141,"column":0},"end":{"line":141,"column":61}},"141":{"start":{"line":142,"column":0},"end":{"line":142,"column":38}},"142":{"start":{"line":143,"column":0},"end":{"line":143,"column":33}},"143":{"start":{"line":144,"column":0},"end":{"line":144,"column":47}},"144":{"start":{"line":145,"column":0},"end":{"line":145,"column":46}},"145":{"start":{"line":146,"column":0},"end":{"line":146,"column":8}},"146":{"start":{"line":147,"column":0},"end":{"line":147,"column":60}},"147":{"start":{"line":148,"column":0},"end":{"line":148,"column":38}},"148":{"start":{"line":149,"column":0},"end":{"line":149,"column":87}},"149":{"start":{"line":150,"column":0},"end":{"line":150,"column":9}},"151":{"start":{"line":152,"column":0},"end":{"line":152,"column":4}},"152":{"start":{"line":153,"column":0},"end":{"line":153,"column":3}},"154":{"start":{"line":155,"column":0},"end":{"line":155,"column":64}},"155":{"start":{"line":156,"column":0},"end":{"line":156,"column":35}}},"s":{"0":1,"2":1,"17":1,"18":1,"19":1,"20":1,"21":1,"22":1,"23":1,"24":1,"25":1,"26":1,"27":1,"28":1,"30":1,"31":1,"32":1,"33":3,"34":3,"35":3,"36":2,"37":3,"38":1,"39":1,"40":3,"41":1,"43":1,"44":1,"45":1,"46":0,"47":0,"48":0,"49":0,"50":0,"51":0,"52":0,"53":0,"54":1,"56":1,"57":1,"58":1,"59":3,"60":3,"61":3,"62":3,"63":3,"64":3,"65":2,"66":3,"67":1,"68":1,"69":3,"70":1,"72":1,"73":1,"74":1,"75":1,"76":1,"77":2,"78":2,"79":2,"80":2,"81":2,"82":2,"83":1,"84":3,"85":3,"86":3,"87":3,"88":1,"89":1,"90":2,"91":2,"92":3,"93":3,"94":3,"95":3,"96":3,"97":2,"98":2,"99":2,"100":2,"101":2,"102":2,"103":2,"104":2,"105":2,"106":0,"107":0,"108":0,"109":0,"110":0,"111":2,"112":2,"113":1,"114":1,"115":2,"117":2,"118":2,"119":0,"120":2,"121":2,"122":0,"123":0,"124":0,"125":0,"126":0,"127":0,"128":0,"129":2,"130":2,"131":0,"132":0,"133":2,"135":2,"136":2,"137":3,"138":3,"139":2,"140":2,"141":2,"142":2,"143":2,"144":2,"145":2,"146":2,"147":1,"148":1,"149":2,"151":2,"152":1,"154":1,"155":1},"branchMap":{"0":{"type":"branch","line":33,"loc":{"start":{"line":33,"column":2},"end":{"line":41,"column":3}},"locations":[{"start":{"line":33,"column":2},"end":{"line":41,"column":3}}]},"1":{"type":"branch","line":35,"loc":{"start":{"line":35,"column":73},"end":{"line":36,"column":53}},"locations":[{"start":{"line":35,"column":73},"end":{"line":36,"column":53}}]},"2":{"type":"branch","line":36,"loc":{"start":{"line":36,"column":46},"end":{"line":36,"column":90}},"locations":[{"start":{"line":36,"column":46},"end":{"line":36,"column":90}}]},"3":{"type":"branch","line":36,"loc":{"start":{"line":36,"column":88},"end":{"line":38,"column":13}},"locations":[{"start":{"line":36,"column":88},"end":{"line":38,"column":13}}]},"4":{"type":"branch","line":38,"loc":{"start":{"line":38,"column":4},"end":{"line":40,"column":5}},"locations":[{"start":{"line":38,"column":4},"end":{"line":40,"column":5}}]},"5":{"type":"branch","line":39,"loc":{"start":{"line":39,"column":51},"end":{"line":39,"column":85}},"locations":[{"start":{"line":39,"column":51},"end":{"line":39,"column":85}}]},"6":{"type":"branch","line":59,"loc":{"start":{"line":59,"column":2},"end":{"line":70,"column":3}},"locations":[{"start":{"line":59,"column":2},"end":{"line":70,"column":3}}]},"7":{"type":"branch","line":64,"loc":{"start":{"line":64,"column":7},"end":{"line":65,"column":53}},"locations":[{"start":{"line":64,"column":7},"end":{"line":65,"column":53}}]},"8":{"type":"branch","line":65,"loc":{"start":{"line":65,"column":46},"end":{"line":65,"column":90}},"locations":[{"start":{"line":65,"column":46},"end":{"line":65,"column":90}}]},"9":{"type":"branch","line":65,"loc":{"start":{"line":65,"column":88},"end":{"line":67,"column":13}},"locations":[{"start":{"line":65,"column":88},"end":{"line":67,"column":13}}]},"10":{"type":"branch","line":67,"loc":{"start":{"line":67,"column":4},"end":{"line":69,"column":5}},"locations":[{"start":{"line":67,"column":4},"end":{"line":69,"column":5}}]},"11":{"type":"branch","line":68,"loc":{"start":{"line":68,"column":51},"end":{"line":68,"column":90}},"locations":[{"start":{"line":68,"column":51},"end":{"line":68,"column":90}}]},"12":{"type":"branch","line":77,"loc":{"start":{"line":77,"column":17},"end":{"line":83,"column":6}},"locations":[{"start":{"line":77,"column":17},"end":{"line":83,"column":6}}]},"13":{"type":"branch","line":84,"loc":{"start":{"line":84,"column":17},"end":{"line":88,"column":6}},"locations":[{"start":{"line":84,"column":17},"end":{"line":88,"column":6}}]},"14":{"type":"branch","line":90,"loc":{"start":{"line":90,"column":17},"end":{"line":152,"column":4}},"locations":[{"start":{"line":90,"column":17},"end":{"line":152,"column":4}}]},"15":{"type":"branch","line":92,"loc":{"start":{"line":92,"column":37},"end":{"line":98,"column":7}},"locations":[{"start":{"line":92,"column":37},"end":{"line":98,"column":7}}]},"16":{"type":"branch","line":99,"loc":{"start":{"line":99,"column":39},"end":{"line":112,"column":7}},"locations":[{"start":{"line":99,"column":39},"end":{"line":112,"column":7}}]},"17":{"type":"branch","line":102,"loc":{"start":{"line":102,"column":47},"end":{"line":102,"column":60}},"locations":[{"start":{"line":102,"column":47},"end":{"line":102,"column":60}}]},"18":{"type":"branch","line":103,"loc":{"start":{"line":103,"column":67},"end":{"line":103,"column":74}},"locations":[{"start":{"line":103,"column":67},"end":{"line":103,"column":74}}]},"19":{"type":"branch","line":106,"loc":{"start":{"line":106,"column":8},"end":{"line":111,"column":9}},"locations":[{"start":{"line":106,"column":8},"end":{"line":111,"column":9}}]},"20":{"type":"branch","line":113,"loc":{"start":{"line":113,"column":38},"end":{"line":116,"column":7}},"locations":[{"start":{"line":113,"column":38},"end":{"line":116,"column":7}}]},"21":{"type":"branch","line":115,"loc":{"start":{"line":115,"column":35},"end":{"line":115,"column":82}},"locations":[{"start":{"line":115,"column":35},"end":{"line":115,"column":82}}]},"22":{"type":"branch","line":137,"loc":{"start":{"line":137,"column":39},"end":{"line":140,"column":7}},"locations":[{"start":{"line":137,"column":39},"end":{"line":140,"column":7}}]},"23":{"type":"branch","line":141,"loc":{"start":{"line":141,"column":41},"end":{"line":146,"column":7}},"locations":[{"start":{"line":141,"column":41},"end":{"line":146,"column":7}}]},"24":{"type":"branch","line":147,"loc":{"start":{"line":147,"column":40},"end":{"line":150,"column":7}},"locations":[{"start":{"line":147,"column":40},"end":{"line":150,"column":7}}]},"25":{"type":"branch","line":149,"loc":{"start":{"line":149,"column":35},"end":{"line":149,"column":87}},"locations":[{"start":{"line":149,"column":35},"end":{"line":149,"column":87}}]}},"b":{"0":[3],"1":[2],"2":[0],"3":[2],"4":[1],"5":[0],"6":[3],"7":[2],"8":[0],"9":[2],"10":[1],"11":[0],"12":[2],"13":[3],"14":[2],"15":[3],"16":[2],"17":[0],"18":[0],"19":[0],"20":[1],"21":[0],"22":[3],"23":[2],"24":[1],"25":[0]},"fnMap":{"0":{"name":"clearSearch","decl":{"start":{"line":77,"column":17},"end":{"line":83,"column":6}},"loc":{"start":{"line":77,"column":17},"end":{"line":83,"column":6}},"line":77},"1":{"name":"clearDetail","decl":{"start":{"line":84,"column":17},"end":{"line":88,"column":6}},"loc":{"start":{"line":84,"column":17},"end":{"line":88,"column":6}},"line":84},"2":{"name":"extraReducers","decl":{"start":{"line":90,"column":17},"end":{"line":152,"column":4}},"loc":{"start":{"line":90,"column":17},"end":{"line":152,"column":4}},"line":90}},"f":{"0":2,"1":3,"2":2}}
}
